[INFO ] 2017-11-22 06:20:26,428 [org.apache.zookeeper.ClientCnxn$SendThread.run(ClientCnxn.java:1083)] Client session timed out, have not heard from server in 6670ms for sessionid 0x15fc9da943a0000, closing socket connection and attempting reconnect
[INFO ] 2017-11-22 06:20:38,771 [org.apache.curator.framework.state.ConnectionStateManager.postState(ConnectionStateManager.java:194)] State change: SUSPENDED
[INFO ] 2017-11-22 06:20:38,863 [org.apache.zookeeper.ClientCnxn$SendThread.logStartConnect(ClientCnxn.java:966)] Opening socket connection to server zookeeper02.elves_elves_net/172.18.0.6:2181. Will not attempt to authenticate using SASL (unknown error)
[INFO ] 2017-11-22 06:20:38,864 [org.apache.zookeeper.ClientCnxn$SendThread.primeConnection(ClientCnxn.java:849)] Socket connection established to zookeeper02.elves_elves_net/172.18.0.6:2181, initiating session
[INFO ] 2017-11-22 06:20:38,868 [org.apache.zookeeper.ClientCnxn$SendThread.onConnected(ClientCnxn.java:1207)] Session establishment complete on server zookeeper02.elves_elves_net/172.18.0.6:2181, sessionid = 0x15fc9da943a0000, negotiated timeout = 10000
[INFO ] 2017-11-22 06:20:38,869 [org.apache.curator.framework.state.ConnectionStateManager.postState(ConnectionStateManager.java:194)] State change: RECONNECTED
[INFO ] 2017-11-22 07:25:33,103 [cn.gyyx.elves.scheduler.entrance.ProgramEntrance.loadLogConfig(ProgramEntrance.java:51)] load LogConfig success!
[INFO ] 2017-11-22 07:25:34,140 [org.springframework.context.support.AbstractApplicationContext.prepareRefresh(AbstractApplicationContext.java:510)] Refreshing org.springframework.context.support.FileSystemXmlApplicationContext@48533e64: startup date [Wed Nov 22 07:25:33 UTC 2017]; root of context hierarchy
[INFO ] 2017-11-22 07:25:34,267 [org.springframework.beans.factory.xml.XmlBeanDefinitionReader.loadBeanDefinitions(XmlBeanDefinitionReader.java:315)] Loading XML bean definitions from URL [file:/elves_scheduler/conf/spring.xml]
[INFO ] 2017-11-22 07:25:39,907 [org.springframework.beans.factory.xml.XmlBeanDefinitionReader.loadBeanDefinitions(XmlBeanDefinitionReader.java:315)] Loading XML bean definitions from URL [file:/elves_scheduler/conf/rabbitmq.xml]
[INFO ] 2017-11-22 07:25:50,355 [org.springframework.core.io.support.PropertiesLoaderSupport.loadProperties(PropertiesLoaderSupport.java:172)] Loading properties file from file [/elves_scheduler/conf/conf.properties]
[INFO ] 2017-11-22 07:25:50,405 [org.springframework.beans.factory.support.DefaultListableBeanFactory.preInstantiateSingletons(DefaultListableBeanFactory.java:603)] Pre-instantiating singletons in org.springframework.beans.factory.support.DefaultListableBeanFactory@47db50c5: defining beans [messageProducer,elvesConsumerService,org.springframework.context.annotation.internalConfigurationAnnotationProcessor,org.springframework.context.annotation.internalAutowiredAnnotationProcessor,org.springframework.context.annotation.internalRequiredAnnotationProcessor,org.springframework.context.annotation.internalCommonAnnotationProcessor,customConfigLoader,connectionFactory,org.springframework.amqp.rabbit.core.RabbitAdmin#0,topicTemplate,org.springframework.amqp.core.Queue#0,org.springframework.amqp.rabbit.config.BindingFactoryBean#0,org.springframework.amqp.core.TopicExchange#0,org.springframework.amqp.rabbit.listener.SimpleMessageListenerContainer#0,messageHandler,taskExecutor,org.springframework.context.annotation.ConfigurationClassPostProcessor.importAwareProcessor]; root of factory hierarchy
[INFO ] 2017-11-22 07:26:01,967 [org.springframework.scheduling.concurrent.ExecutorConfigurationSupport.initialize(ExecutorConfigurationSupport.java:154)] Initializing ExecutorService  'taskExecutor'
[INFO ] 2017-11-22 07:26:01,976 [org.springframework.context.support.DefaultLifecycleProcessor$LifecycleGroup.start(DefaultLifecycleProcessor.java:334)] Starting beans in phase 2147483647
[INFO ] 2017-11-22 07:26:02,033 [cn.gyyx.elves.scheduler.entrance.ProgramEntrance.loadApplicationXml(ProgramEntrance.java:59)] loadApplicationXml success!
[INFO ] 2017-11-22 07:26:02,035 [cn.gyyx.elves.scheduler.entrance.ProgramEntrance.registerZooKeeper(ProgramEntrance.java:68)] regist zookeeper ....zookeeper01:2181,zookeeper02:2181,zookeeper03:2181
[INFO ] 2017-11-22 07:26:05,478 [org.apache.curator.framework.imps.CuratorFrameworkImpl.start(CuratorFrameworkImpl.java:223)] Starting
[INFO ] 2017-11-22 07:26:05,494 [org.apache.zookeeper.Environment.logEnv(Environment.java:100)] Client environment:zookeeper.version=3.4.5-1392090, built on 09/30/2012 17:52 GMT
[INFO ] 2017-11-22 07:26:05,494 [org.apache.zookeeper.Environment.logEnv(Environment.java:100)] Client environment:host.name=4c2122945889
[INFO ] 2017-11-22 07:26:05,495 [org.apache.zookeeper.Environment.logEnv(Environment.java:100)] Client environment:java.version=1.8.0_111
[INFO ] 2017-11-22 07:26:05,496 [org.apache.zookeeper.Environment.logEnv(Environment.java:100)] Client environment:java.vendor=Oracle Corporation
[INFO ] 2017-11-22 07:26:05,496 [org.apache.zookeeper.Environment.logEnv(Environment.java:100)] Client environment:java.home=/usr/lib/jvm/java-8-openjdk-amd64/jre
[INFO ] 2017-11-22 07:26:05,501 [org.apache.zookeeper.Environment.logEnv(Environment.java:100)] Client environment:java.class.path=./elves-scheduler-0.3.3-release.jar
[INFO ] 2017-11-22 07:26:05,501 [org.apache.zookeeper.Environment.logEnv(Environment.java:100)] Client environment:java.library.path=/usr/java/packages/lib/amd64:/usr/lib/x86_64-linux-gnu/jni:/lib/x86_64-linux-gnu:/usr/lib/x86_64-linux-gnu:/usr/lib/jni:/lib:/usr/lib
[INFO ] 2017-11-22 07:26:05,502 [org.apache.zookeeper.Environment.logEnv(Environment.java:100)] Client environment:java.io.tmpdir=/tmp
[INFO ] 2017-11-22 07:26:05,502 [org.apache.zookeeper.Environment.logEnv(Environment.java:100)] Client environment:java.compiler=<NA>
[INFO ] 2017-11-22 07:26:05,503 [org.apache.zookeeper.Environment.logEnv(Environment.java:100)] Client environment:os.name=Linux
[INFO ] 2017-11-22 07:26:05,503 [org.apache.zookeeper.Environment.logEnv(Environment.java:100)] Client environment:os.arch=amd64
[INFO ] 2017-11-22 07:26:05,504 [org.apache.zookeeper.Environment.logEnv(Environment.java:100)] Client environment:os.version=3.10.0-327.el7.x86_64
[INFO ] 2017-11-22 07:26:05,504 [org.apache.zookeeper.Environment.logEnv(Environment.java:100)] Client environment:user.name=root
[INFO ] 2017-11-22 07:26:05,504 [org.apache.zookeeper.Environment.logEnv(Environment.java:100)] Client environment:user.home=/root
[INFO ] 2017-11-22 07:26:05,505 [org.apache.zookeeper.Environment.logEnv(Environment.java:100)] Client environment:user.dir=/elves_scheduler/bin
[INFO ] 2017-11-22 07:26:05,506 [org.apache.zookeeper.ZooKeeper.<init>(ZooKeeper.java:438)] Initiating client connection, connectString=zookeeper01:2181,zookeeper02:2181,zookeeper03:2181 sessionTimeout=10000 watcher=org.apache.curator.ConnectionState@68567e20
[INFO ] 2017-11-22 07:26:05,664 [org.apache.zookeeper.ClientCnxn$SendThread.logStartConnect(ClientCnxn.java:966)] Opening socket connection to server zookeeper01.elves_elves_net/172.18.0.8:2181. Will not attempt to authenticate using SASL (unknown error)
[INFO ] 2017-11-22 07:26:05,794 [org.apache.zookeeper.ClientCnxn$SendThread.primeConnection(ClientCnxn.java:849)] Socket connection established to zookeeper01.elves_elves_net/172.18.0.8:2181, initiating session
[INFO ] 2017-11-22 07:26:06,091 [org.apache.zookeeper.ClientCnxn$SendThread.onConnected(ClientCnxn.java:1207)] Session establishment complete on server zookeeper01.elves_elves_net/172.18.0.8:2181, sessionid = 0x15fe29d8ebd0000, negotiated timeout = 10000
[INFO ] 2017-11-22 07:26:06,114 [org.apache.curator.framework.state.ConnectionStateManager.postState(ConnectionStateManager.java:194)] State change: CONNECTED
[INFO ] 2017-11-22 07:26:07,035 [org.springframework.amqp.rabbit.listener.SimpleMessageListenerContainer$AsyncMessageProcessingConsumer.run(SimpleMessageListenerContainer.java:1154)] Restarting Consumer: tags=[[]], channel=null, acknowledgeMode=AUTO local queue size=0
[INFO ] 2017-11-22 07:26:07,035 [org.springframework.amqp.rabbit.listener.SimpleMessageListenerContainer$AsyncMessageProcessingConsumer.run(SimpleMessageListenerContainer.java:1154)] Restarting Consumer: tags=[[]], channel=null, acknowledgeMode=AUTO local queue size=0
[INFO ] 2017-11-22 07:26:07,040 [org.springframework.amqp.rabbit.listener.SimpleMessageListenerContainer$AsyncMessageProcessingConsumer.run(SimpleMessageListenerContainer.java:1154)] Restarting Consumer: tags=[[]], channel=null, acknowledgeMode=AUTO local queue size=0
[INFO ] 2017-11-22 07:26:07,040 [org.springframework.amqp.rabbit.listener.SimpleMessageListenerContainer$AsyncMessageProcessingConsumer.run(SimpleMessageListenerContainer.java:1154)] Restarting Consumer: tags=[[]], channel=null, acknowledgeMode=AUTO local queue size=0
[INFO ] 2017-11-22 07:26:07,043 [org.springframework.amqp.rabbit.listener.SimpleMessageListenerContainer$AsyncMessageProcessingConsumer.run(SimpleMessageListenerContainer.java:1154)] Restarting Consumer: tags=[[]], channel=null, acknowledgeMode=AUTO local queue size=0
[INFO ] 2017-11-22 07:26:07,974 [cn.gyyx.elves.scheduler.entrance.ProgramEntrance.registerZooKeeper(ProgramEntrance.java:86)] registerZooKeeper success!
[INFO ] 2017-11-22 07:26:07,975 [cn.gyyx.elves.scheduler.entrance.ProgramEntrance.startSchedulerThriftService(ProgramEntrance.java:96)] start scheduler thrift service....
[INFO ] 2017-11-22 07:26:08,120 [cn.gyyx.elves.scheduler.entrance.ProgramEntrance.startSchedulerThriftService(ProgramEntrance.java:115)] start scheduler thrift server success!
[INFO ] 2017-11-22 07:26:12,050 [org.springframework.amqp.rabbit.listener.SimpleMessageListenerContainer$AsyncMessageProcessingConsumer.run(SimpleMessageListenerContainer.java:1154)] Restarting Consumer: tags=[[]], channel=null, acknowledgeMode=AUTO local queue size=0
[INFO ] 2017-11-22 07:26:12,051 [org.springframework.amqp.rabbit.listener.SimpleMessageListenerContainer$AsyncMessageProcessingConsumer.run(SimpleMessageListenerContainer.java:1154)] Restarting Consumer: tags=[[]], channel=null, acknowledgeMode=AUTO local queue size=0
[INFO ] 2017-11-22 07:26:12,053 [org.springframework.amqp.rabbit.listener.SimpleMessageListenerContainer$AsyncMessageProcessingConsumer.run(SimpleMessageListenerContainer.java:1154)] Restarting Consumer: tags=[[]], channel=null, acknowledgeMode=AUTO local queue size=0
[INFO ] 2017-11-22 07:26:12,052 [org.springframework.amqp.rabbit.listener.SimpleMessageListenerContainer$AsyncMessageProcessingConsumer.run(SimpleMessageListenerContainer.java:1154)] Restarting Consumer: tags=[[]], channel=null, acknowledgeMode=AUTO local queue size=0
[INFO ] 2017-11-22 07:26:12,054 [org.springframework.amqp.rabbit.listener.SimpleMessageListenerContainer$AsyncMessageProcessingConsumer.run(SimpleMessageListenerContainer.java:1154)] Restarting Consumer: tags=[[]], channel=null, acknowledgeMode=AUTO local queue size=0
[INFO ] 2017-11-22 07:26:17,059 [org.springframework.amqp.rabbit.listener.SimpleMessageListenerContainer$AsyncMessageProcessingConsumer.run(SimpleMessageListenerContainer.java:1154)] Restarting Consumer: tags=[[]], channel=null, acknowledgeMode=AUTO local queue size=0
[INFO ] 2017-11-22 07:26:17,058 [org.springframework.amqp.rabbit.listener.SimpleMessageListenerContainer$AsyncMessageProcessingConsumer.run(SimpleMessageListenerContainer.java:1154)] Restarting Consumer: tags=[[]], channel=null, acknowledgeMode=AUTO local queue size=0
[INFO ] 2017-11-22 07:26:17,060 [org.springframework.amqp.rabbit.listener.SimpleMessageListenerContainer$AsyncMessageProcessingConsumer.run(SimpleMessageListenerContainer.java:1154)] Restarting Consumer: tags=[[]], channel=null, acknowledgeMode=AUTO local queue size=0
[INFO ] 2017-11-22 07:26:17,062 [org.springframework.amqp.rabbit.listener.SimpleMessageListenerContainer$AsyncMessageProcessingConsumer.run(SimpleMessageListenerContainer.java:1154)] Restarting Consumer: tags=[[]], channel=null, acknowledgeMode=AUTO local queue size=0
[INFO ] 2017-11-22 07:26:17,063 [org.springframework.amqp.rabbit.listener.SimpleMessageListenerContainer$AsyncMessageProcessingConsumer.run(SimpleMessageListenerContainer.java:1154)] Restarting Consumer: tags=[[]], channel=null, acknowledgeMode=AUTO local queue size=0
[INFO ] 2017-11-22 07:26:22,065 [org.springframework.amqp.rabbit.listener.SimpleMessageListenerContainer$AsyncMessageProcessingConsumer.run(SimpleMessageListenerContainer.java:1154)] Restarting Consumer: tags=[[]], channel=null, acknowledgeMode=AUTO local queue size=0
[INFO ] 2017-11-22 07:26:22,067 [org.springframework.amqp.rabbit.listener.SimpleMessageListenerContainer$AsyncMessageProcessingConsumer.run(SimpleMessageListenerContainer.java:1154)] Restarting Consumer: tags=[[]], channel=null, acknowledgeMode=AUTO local queue size=0
[INFO ] 2017-11-22 07:26:22,070 [org.springframework.amqp.rabbit.listener.SimpleMessageListenerContainer$AsyncMessageProcessingConsumer.run(SimpleMessageListenerContainer.java:1154)] Restarting Consumer: tags=[[]], channel=null, acknowledgeMode=AUTO local queue size=0
[INFO ] 2017-11-22 07:26:22,070 [org.springframework.amqp.rabbit.listener.SimpleMessageListenerContainer$AsyncMessageProcessingConsumer.run(SimpleMessageListenerContainer.java:1154)] Restarting Consumer: tags=[[]], channel=null, acknowledgeMode=AUTO local queue size=0
[INFO ] 2017-11-22 07:26:22,091 [org.springframework.amqp.rabbit.listener.SimpleMessageListenerContainer$AsyncMessageProcessingConsumer.run(SimpleMessageListenerContainer.java:1154)] Restarting Consumer: tags=[[]], channel=null, acknowledgeMode=AUTO local queue size=0
[INFO ] 2017-11-22 07:26:27,070 [org.springframework.amqp.rabbit.listener.SimpleMessageListenerContainer$AsyncMessageProcessingConsumer.run(SimpleMessageListenerContainer.java:1154)] Restarting Consumer: tags=[[]], channel=null, acknowledgeMode=AUTO local queue size=0
[INFO ] 2017-11-22 07:26:27,072 [org.springframework.amqp.rabbit.listener.SimpleMessageListenerContainer$AsyncMessageProcessingConsumer.run(SimpleMessageListenerContainer.java:1154)] Restarting Consumer: tags=[[]], channel=null, acknowledgeMode=AUTO local queue size=0
[INFO ] 2017-11-22 07:26:27,076 [org.springframework.amqp.rabbit.listener.SimpleMessageListenerContainer$AsyncMessageProcessingConsumer.run(SimpleMessageListenerContainer.java:1154)] Restarting Consumer: tags=[[]], channel=null, acknowledgeMode=AUTO local queue size=0
[INFO ] 2017-11-22 07:26:27,096 [org.springframework.amqp.rabbit.listener.SimpleMessageListenerContainer$AsyncMessageProcessingConsumer.run(SimpleMessageListenerContainer.java:1154)] Restarting Consumer: tags=[[]], channel=null, acknowledgeMode=AUTO local queue size=0
[INFO ] 2017-11-22 07:26:27,103 [org.springframework.amqp.rabbit.listener.SimpleMessageListenerContainer$AsyncMessageProcessingConsumer.run(SimpleMessageListenerContainer.java:1154)] Restarting Consumer: tags=[[]], channel=null, acknowledgeMode=AUTO local queue size=0
[INFO ] 2017-11-22 07:26:32,077 [org.springframework.amqp.rabbit.listener.SimpleMessageListenerContainer$AsyncMessageProcessingConsumer.run(SimpleMessageListenerContainer.java:1154)] Restarting Consumer: tags=[[]], channel=null, acknowledgeMode=AUTO local queue size=0
[INFO ] 2017-11-22 07:26:32,080 [org.springframework.amqp.rabbit.listener.SimpleMessageListenerContainer$AsyncMessageProcessingConsumer.run(SimpleMessageListenerContainer.java:1154)] Restarting Consumer: tags=[[]], channel=null, acknowledgeMode=AUTO local queue size=0
[INFO ] 2017-11-22 07:26:32,082 [org.springframework.amqp.rabbit.listener.SimpleMessageListenerContainer$AsyncMessageProcessingConsumer.run(SimpleMessageListenerContainer.java:1154)] Restarting Consumer: tags=[[]], channel=null, acknowledgeMode=AUTO local queue size=0
[INFO ] 2017-11-22 07:26:32,104 [org.springframework.amqp.rabbit.listener.SimpleMessageListenerContainer$AsyncMessageProcessingConsumer.run(SimpleMessageListenerContainer.java:1154)] Restarting Consumer: tags=[[]], channel=null, acknowledgeMode=AUTO local queue size=0
[INFO ] 2017-11-22 07:26:32,109 [org.springframework.amqp.rabbit.listener.SimpleMessageListenerContainer$AsyncMessageProcessingConsumer.run(SimpleMessageListenerContainer.java:1154)] Restarting Consumer: tags=[[]], channel=null, acknowledgeMode=AUTO local queue size=0
[INFO ] 2017-11-22 07:26:37,085 [org.springframework.amqp.rabbit.listener.SimpleMessageListenerContainer$AsyncMessageProcessingConsumer.run(SimpleMessageListenerContainer.java:1154)] Restarting Consumer: tags=[[]], channel=null, acknowledgeMode=AUTO local queue size=0
[INFO ] 2017-11-22 07:26:37,087 [org.springframework.amqp.rabbit.listener.SimpleMessageListenerContainer$AsyncMessageProcessingConsumer.run(SimpleMessageListenerContainer.java:1154)] Restarting Consumer: tags=[[]], channel=null, acknowledgeMode=AUTO local queue size=0
[INFO ] 2017-11-22 07:26:37,089 [org.springframework.amqp.rabbit.listener.SimpleMessageListenerContainer$AsyncMessageProcessingConsumer.run(SimpleMessageListenerContainer.java:1154)] Restarting Consumer: tags=[[]], channel=null, acknowledgeMode=AUTO local queue size=0
[INFO ] 2017-11-22 07:26:37,109 [org.springframework.amqp.rabbit.listener.SimpleMessageListenerContainer$AsyncMessageProcessingConsumer.run(SimpleMessageListenerContainer.java:1154)] Restarting Consumer: tags=[[]], channel=null, acknowledgeMode=AUTO local queue size=0
[INFO ] 2017-11-22 07:26:37,113 [org.springframework.amqp.rabbit.listener.SimpleMessageListenerContainer$AsyncMessageProcessingConsumer.run(SimpleMessageListenerContainer.java:1154)] Restarting Consumer: tags=[[]], channel=null, acknowledgeMode=AUTO local queue size=0
[INFO ] 2017-11-22 07:26:42,092 [org.springframework.amqp.rabbit.listener.SimpleMessageListenerContainer$AsyncMessageProcessingConsumer.run(SimpleMessageListenerContainer.java:1154)] Restarting Consumer: tags=[[]], channel=null, acknowledgeMode=AUTO local queue size=0
[INFO ] 2017-11-22 07:26:42,094 [org.springframework.amqp.rabbit.listener.SimpleMessageListenerContainer$AsyncMessageProcessingConsumer.run(SimpleMessageListenerContainer.java:1154)] Restarting Consumer: tags=[[]], channel=null, acknowledgeMode=AUTO local queue size=0
[INFO ] 2017-11-22 07:26:42,095 [org.springframework.amqp.rabbit.listener.SimpleMessageListenerContainer$AsyncMessageProcessingConsumer.run(SimpleMessageListenerContainer.java:1154)] Restarting Consumer: tags=[[]], channel=null, acknowledgeMode=AUTO local queue size=0
[INFO ] 2017-11-22 07:26:42,113 [org.springframework.amqp.rabbit.listener.SimpleMessageListenerContainer$AsyncMessageProcessingConsumer.run(SimpleMessageListenerContainer.java:1154)] Restarting Consumer: tags=[[]], channel=null, acknowledgeMode=AUTO local queue size=0
[INFO ] 2017-11-22 07:26:42,118 [org.springframework.amqp.rabbit.listener.SimpleMessageListenerContainer$AsyncMessageProcessingConsumer.run(SimpleMessageListenerContainer.java:1154)] Restarting Consumer: tags=[[]], channel=null, acknowledgeMode=AUTO local queue size=0
[INFO ] 2017-11-22 07:26:47,098 [org.springframework.amqp.rabbit.listener.SimpleMessageListenerContainer$AsyncMessageProcessingConsumer.run(SimpleMessageListenerContainer.java:1154)] Restarting Consumer: tags=[[]], channel=null, acknowledgeMode=AUTO local queue size=0
[INFO ] 2017-11-22 07:26:47,099 [org.springframework.amqp.rabbit.listener.SimpleMessageListenerContainer$AsyncMessageProcessingConsumer.run(SimpleMessageListenerContainer.java:1154)] Restarting Consumer: tags=[[]], channel=null, acknowledgeMode=AUTO local queue size=0
[INFO ] 2017-11-22 07:26:47,101 [org.springframework.amqp.rabbit.listener.SimpleMessageListenerContainer$AsyncMessageProcessingConsumer.run(SimpleMessageListenerContainer.java:1154)] Restarting Consumer: tags=[[]], channel=null, acknowledgeMode=AUTO local queue size=0
[INFO ] 2017-11-22 07:26:47,118 [org.springframework.amqp.rabbit.listener.SimpleMessageListenerContainer$AsyncMessageProcessingConsumer.run(SimpleMessageListenerContainer.java:1154)] Restarting Consumer: tags=[[]], channel=null, acknowledgeMode=AUTO local queue size=0
[INFO ] 2017-11-22 07:26:47,123 [org.springframework.amqp.rabbit.listener.SimpleMessageListenerContainer$AsyncMessageProcessingConsumer.run(SimpleMessageListenerContainer.java:1154)] Restarting Consumer: tags=[[]], channel=null, acknowledgeMode=AUTO local queue size=0
[INFO ] 2017-11-22 07:26:52,109 [org.springframework.amqp.rabbit.listener.SimpleMessageListenerContainer$AsyncMessageProcessingConsumer.run(SimpleMessageListenerContainer.java:1154)] Restarting Consumer: tags=[[]], channel=null, acknowledgeMode=AUTO local queue size=0
[INFO ] 2017-11-22 07:26:52,113 [org.springframework.amqp.rabbit.listener.SimpleMessageListenerContainer$AsyncMessageProcessingConsumer.run(SimpleMessageListenerContainer.java:1154)] Restarting Consumer: tags=[[]], channel=null, acknowledgeMode=AUTO local queue size=0
[INFO ] 2017-11-22 07:26:52,115 [org.springframework.amqp.rabbit.listener.SimpleMessageListenerContainer$AsyncMessageProcessingConsumer.run(SimpleMessageListenerContainer.java:1154)] Restarting Consumer: tags=[[]], channel=null, acknowledgeMode=AUTO local queue size=0
[INFO ] 2017-11-22 07:26:52,126 [org.springframework.amqp.rabbit.listener.SimpleMessageListenerContainer$AsyncMessageProcessingConsumer.run(SimpleMessageListenerContainer.java:1154)] Restarting Consumer: tags=[[]], channel=null, acknowledgeMode=AUTO local queue size=0
[INFO ] 2017-11-22 07:26:52,129 [org.springframework.amqp.rabbit.listener.SimpleMessageListenerContainer$AsyncMessageProcessingConsumer.run(SimpleMessageListenerContainer.java:1154)] Restarting Consumer: tags=[[]], channel=null, acknowledgeMode=AUTO local queue size=0
[INFO ] 2017-11-22 07:41:43,428 [cn.gyyx.elves.scheduler.entrance.ProgramEntrance.loadLogConfig(ProgramEntrance.java:51)] load LogConfig success!
[INFO ] 2017-11-22 07:41:43,701 [org.springframework.context.support.AbstractApplicationContext.prepareRefresh(AbstractApplicationContext.java:510)] Refreshing org.springframework.context.support.FileSystemXmlApplicationContext@48533e64: startup date [Wed Nov 22 07:41:43 UTC 2017]; root of context hierarchy
[INFO ] 2017-11-22 07:41:43,767 [org.springframework.beans.factory.xml.XmlBeanDefinitionReader.loadBeanDefinitions(XmlBeanDefinitionReader.java:315)] Loading XML bean definitions from URL [file:/elves_scheduler/conf/spring.xml]
[INFO ] 2017-11-22 07:41:53,581 [org.springframework.beans.factory.xml.XmlBeanDefinitionReader.loadBeanDefinitions(XmlBeanDefinitionReader.java:315)] Loading XML bean definitions from URL [file:/elves_scheduler/conf/rabbitmq.xml]
[INFO ] 2017-11-22 07:42:00,509 [org.springframework.core.io.support.PropertiesLoaderSupport.loadProperties(PropertiesLoaderSupport.java:172)] Loading properties file from file [/elves_scheduler/conf/conf.properties]
[INFO ] 2017-11-22 07:42:00,535 [org.springframework.beans.factory.support.DefaultListableBeanFactory.preInstantiateSingletons(DefaultListableBeanFactory.java:603)] Pre-instantiating singletons in org.springframework.beans.factory.support.DefaultListableBeanFactory@47db50c5: defining beans [messageProducer,elvesConsumerService,org.springframework.context.annotation.internalConfigurationAnnotationProcessor,org.springframework.context.annotation.internalAutowiredAnnotationProcessor,org.springframework.context.annotation.internalRequiredAnnotationProcessor,org.springframework.context.annotation.internalCommonAnnotationProcessor,customConfigLoader,connectionFactory,org.springframework.amqp.rabbit.core.RabbitAdmin#0,topicTemplate,org.springframework.amqp.core.Queue#0,org.springframework.amqp.rabbit.config.BindingFactoryBean#0,org.springframework.amqp.core.TopicExchange#0,org.springframework.amqp.rabbit.listener.SimpleMessageListenerContainer#0,messageHandler,taskExecutor,org.springframework.context.annotation.ConfigurationClassPostProcessor.importAwareProcessor]; root of factory hierarchy
[INFO ] 2017-11-22 07:42:05,544 [org.springframework.scheduling.concurrent.ExecutorConfigurationSupport.initialize(ExecutorConfigurationSupport.java:154)] Initializing ExecutorService  'taskExecutor'
[INFO ] 2017-11-22 07:42:05,551 [org.springframework.context.support.DefaultLifecycleProcessor$LifecycleGroup.start(DefaultLifecycleProcessor.java:334)] Starting beans in phase 2147483647
[INFO ] 2017-11-22 07:42:12,221 [cn.gyyx.elves.scheduler.entrance.ProgramEntrance.loadApplicationXml(ProgramEntrance.java:59)] loadApplicationXml success!
[INFO ] 2017-11-22 07:42:12,223 [cn.gyyx.elves.scheduler.entrance.ProgramEntrance.registerZooKeeper(ProgramEntrance.java:68)] regist zookeeper ....zookeeper01:2181,zookeeper02:2181,zookeeper03:2181
[INFO ] 2017-11-22 07:42:13,509 [org.apache.curator.framework.imps.CuratorFrameworkImpl.start(CuratorFrameworkImpl.java:223)] Starting
[INFO ] 2017-11-22 07:42:13,523 [org.apache.zookeeper.Environment.logEnv(Environment.java:100)] Client environment:zookeeper.version=3.4.5-1392090, built on 09/30/2012 17:52 GMT
[INFO ] 2017-11-22 07:42:13,523 [org.apache.zookeeper.Environment.logEnv(Environment.java:100)] Client environment:host.name=ec0856dd50fa
[INFO ] 2017-11-22 07:42:13,524 [org.apache.zookeeper.Environment.logEnv(Environment.java:100)] Client environment:java.version=1.8.0_111
[INFO ] 2017-11-22 07:42:13,524 [org.apache.zookeeper.Environment.logEnv(Environment.java:100)] Client environment:java.vendor=Oracle Corporation
[INFO ] 2017-11-22 07:42:13,525 [org.apache.zookeeper.Environment.logEnv(Environment.java:100)] Client environment:java.home=/usr/lib/jvm/java-8-openjdk-amd64/jre
[INFO ] 2017-11-22 07:42:13,529 [org.apache.zookeeper.Environment.logEnv(Environment.java:100)] Client environment:java.class.path=./elves-scheduler-0.3.3-release.jar
[INFO ] 2017-11-22 07:42:13,529 [org.apache.zookeeper.Environment.logEnv(Environment.java:100)] Client environment:java.library.path=/usr/java/packages/lib/amd64:/usr/lib/x86_64-linux-gnu/jni:/lib/x86_64-linux-gnu:/usr/lib/x86_64-linux-gnu:/usr/lib/jni:/lib:/usr/lib
[INFO ] 2017-11-22 07:42:13,529 [org.apache.zookeeper.Environment.logEnv(Environment.java:100)] Client environment:java.io.tmpdir=/tmp
[INFO ] 2017-11-22 07:42:13,530 [org.apache.zookeeper.Environment.logEnv(Environment.java:100)] Client environment:java.compiler=<NA>
[INFO ] 2017-11-22 07:42:13,530 [org.apache.zookeeper.Environment.logEnv(Environment.java:100)] Client environment:os.name=Linux
[INFO ] 2017-11-22 07:42:13,531 [org.apache.zookeeper.Environment.logEnv(Environment.java:100)] Client environment:os.arch=amd64
[INFO ] 2017-11-22 07:42:13,531 [org.apache.zookeeper.Environment.logEnv(Environment.java:100)] Client environment:os.version=3.10.0-327.el7.x86_64
[INFO ] 2017-11-22 07:42:13,532 [org.apache.zookeeper.Environment.logEnv(Environment.java:100)] Client environment:user.name=root
[INFO ] 2017-11-22 07:42:13,532 [org.apache.zookeeper.Environment.logEnv(Environment.java:100)] Client environment:user.home=/root
[INFO ] 2017-11-22 07:42:13,532 [org.apache.zookeeper.Environment.logEnv(Environment.java:100)] Client environment:user.dir=/elves_scheduler/bin
[INFO ] 2017-11-22 07:42:13,534 [org.apache.zookeeper.ZooKeeper.<init>(ZooKeeper.java:438)] Initiating client connection, connectString=zookeeper01:2181,zookeeper02:2181,zookeeper03:2181 sessionTimeout=10000 watcher=org.apache.curator.ConnectionState@17a7f733
[INFO ] 2017-11-22 07:42:13,640 [org.apache.zookeeper.ClientCnxn$SendThread.logStartConnect(ClientCnxn.java:966)] Opening socket connection to server zookeeper01.elves_elves_net/172.18.0.6:2181. Will not attempt to authenticate using SASL (unknown error)
[INFO ] 2017-11-22 07:42:13,961 [org.apache.zookeeper.ClientCnxn$SendThread.primeConnection(ClientCnxn.java:849)] Socket connection established to zookeeper01.elves_elves_net/172.18.0.6:2181, initiating session
[INFO ] 2017-11-22 07:42:14,240 [org.apache.zookeeper.ClientCnxn$SendThread.onConnected(ClientCnxn.java:1207)] Session establishment complete on server zookeeper01.elves_elves_net/172.18.0.6:2181, sessionid = 0x15fe2ac5a950000, negotiated timeout = 10000
[INFO ] 2017-11-22 07:42:14,246 [org.apache.curator.framework.state.ConnectionStateManager.postState(ConnectionStateManager.java:194)] State change: CONNECTED
[INFO ] 2017-11-22 07:42:21,406 [cn.gyyx.elves.scheduler.entrance.ProgramEntrance.registerZooKeeper(ProgramEntrance.java:86)] registerZooKeeper success!
[INFO ] 2017-11-22 07:42:21,406 [cn.gyyx.elves.scheduler.entrance.ProgramEntrance.startSchedulerThriftService(ProgramEntrance.java:96)] start scheduler thrift service....
[INFO ] 2017-11-22 07:42:21,542 [cn.gyyx.elves.scheduler.entrance.ProgramEntrance.startSchedulerThriftService(ProgramEntrance.java:115)] start scheduler thrift server success!
[INFO ] 2017-11-22 08:34:24,555 [cn.gyyx.elves.scheduler.entrance.ProgramEntrance.loadLogConfig(ProgramEntrance.java:51)] load LogConfig success!
[INFO ] 2017-11-22 08:34:28,094 [org.springframework.context.support.AbstractApplicationContext.prepareRefresh(AbstractApplicationContext.java:510)] Refreshing org.springframework.context.support.FileSystemXmlApplicationContext@48533e64: startup date [Wed Nov 22 08:34:27 UTC 2017]; root of context hierarchy
[INFO ] 2017-11-22 08:34:28,188 [org.springframework.beans.factory.xml.XmlBeanDefinitionReader.loadBeanDefinitions(XmlBeanDefinitionReader.java:315)] Loading XML bean definitions from URL [file:/elves_scheduler/conf/spring.xml]
[INFO ] 2017-11-22 08:34:36,125 [org.springframework.beans.factory.xml.XmlBeanDefinitionReader.loadBeanDefinitions(XmlBeanDefinitionReader.java:315)] Loading XML bean definitions from URL [file:/elves_scheduler/conf/rabbitmq.xml]
[INFO ] 2017-11-22 08:34:40,363 [org.springframework.core.io.support.PropertiesLoaderSupport.loadProperties(PropertiesLoaderSupport.java:172)] Loading properties file from file [/elves_scheduler/conf/conf.properties]
[INFO ] 2017-11-22 08:34:42,169 [org.springframework.beans.factory.support.DefaultListableBeanFactory.preInstantiateSingletons(DefaultListableBeanFactory.java:603)] Pre-instantiating singletons in org.springframework.beans.factory.support.DefaultListableBeanFactory@47db50c5: defining beans [messageProducer,elvesConsumerService,org.springframework.context.annotation.internalConfigurationAnnotationProcessor,org.springframework.context.annotation.internalAutowiredAnnotationProcessor,org.springframework.context.annotation.internalRequiredAnnotationProcessor,org.springframework.context.annotation.internalCommonAnnotationProcessor,customConfigLoader,connectionFactory,org.springframework.amqp.rabbit.core.RabbitAdmin#0,topicTemplate,org.springframework.amqp.core.Queue#0,org.springframework.amqp.rabbit.config.BindingFactoryBean#0,org.springframework.amqp.core.TopicExchange#0,org.springframework.amqp.rabbit.listener.SimpleMessageListenerContainer#0,messageHandler,taskExecutor,org.springframework.context.annotation.ConfigurationClassPostProcessor.importAwareProcessor]; root of factory hierarchy
[INFO ] 2017-11-22 08:34:51,253 [org.springframework.scheduling.concurrent.ExecutorConfigurationSupport.initialize(ExecutorConfigurationSupport.java:154)] Initializing ExecutorService  'taskExecutor'
[INFO ] 2017-11-22 08:34:51,348 [org.springframework.context.support.DefaultLifecycleProcessor$LifecycleGroup.start(DefaultLifecycleProcessor.java:334)] Starting beans in phase 2147483647
[INFO ] 2017-11-22 08:34:53,783 [cn.gyyx.elves.scheduler.entrance.ProgramEntrance.loadApplicationXml(ProgramEntrance.java:59)] loadApplicationXml success!
[INFO ] 2017-11-22 08:34:53,785 [cn.gyyx.elves.scheduler.entrance.ProgramEntrance.registerZooKeeper(ProgramEntrance.java:68)] regist zookeeper ....zookeeper01:2181,zookeeper02:2181,zookeeper03:2181
[INFO ] 2017-11-22 08:34:55,529 [org.apache.curator.framework.imps.CuratorFrameworkImpl.start(CuratorFrameworkImpl.java:223)] Starting
[INFO ] 2017-11-22 08:34:55,542 [org.apache.zookeeper.Environment.logEnv(Environment.java:100)] Client environment:zookeeper.version=3.4.5-1392090, built on 09/30/2012 17:52 GMT
[INFO ] 2017-11-22 08:34:55,543 [org.apache.zookeeper.Environment.logEnv(Environment.java:100)] Client environment:host.name=9a8b34eca3a1
[INFO ] 2017-11-22 08:34:55,544 [org.apache.zookeeper.Environment.logEnv(Environment.java:100)] Client environment:java.version=1.8.0_111
[INFO ] 2017-11-22 08:34:55,544 [org.apache.zookeeper.Environment.logEnv(Environment.java:100)] Client environment:java.vendor=Oracle Corporation
[INFO ] 2017-11-22 08:34:55,544 [org.apache.zookeeper.Environment.logEnv(Environment.java:100)] Client environment:java.home=/usr/lib/jvm/java-8-openjdk-amd64/jre
[INFO ] 2017-11-22 08:34:55,548 [org.apache.zookeeper.Environment.logEnv(Environment.java:100)] Client environment:java.class.path=./elves-scheduler-0.3.3-release.jar
[INFO ] 2017-11-22 08:34:55,549 [org.apache.zookeeper.Environment.logEnv(Environment.java:100)] Client environment:java.library.path=/usr/java/packages/lib/amd64:/usr/lib/x86_64-linux-gnu/jni:/lib/x86_64-linux-gnu:/usr/lib/x86_64-linux-gnu:/usr/lib/jni:/lib:/usr/lib
[INFO ] 2017-11-22 08:34:55,549 [org.apache.zookeeper.Environment.logEnv(Environment.java:100)] Client environment:java.io.tmpdir=/tmp
[INFO ] 2017-11-22 08:34:55,550 [org.apache.zookeeper.Environment.logEnv(Environment.java:100)] Client environment:java.compiler=<NA>
[INFO ] 2017-11-22 08:34:55,550 [org.apache.zookeeper.Environment.logEnv(Environment.java:100)] Client environment:os.name=Linux
[INFO ] 2017-11-22 08:34:55,550 [org.apache.zookeeper.Environment.logEnv(Environment.java:100)] Client environment:os.arch=amd64
[INFO ] 2017-11-22 08:34:55,551 [org.apache.zookeeper.Environment.logEnv(Environment.java:100)] Client environment:os.version=3.10.0-327.el7.x86_64
[INFO ] 2017-11-22 08:34:55,551 [org.apache.zookeeper.Environment.logEnv(Environment.java:100)] Client environment:user.name=root
[INFO ] 2017-11-22 08:34:55,552 [org.apache.zookeeper.Environment.logEnv(Environment.java:100)] Client environment:user.home=/root
[INFO ] 2017-11-22 08:34:55,552 [org.apache.zookeeper.Environment.logEnv(Environment.java:100)] Client environment:user.dir=/elves_scheduler/bin
[INFO ] 2017-11-22 08:34:55,554 [org.apache.zookeeper.ZooKeeper.<init>(ZooKeeper.java:438)] Initiating client connection, connectString=zookeeper01:2181,zookeeper02:2181,zookeeper03:2181 sessionTimeout=10000 watcher=org.apache.curator.ConnectionState@17a7f733
[INFO ] 2017-11-22 08:34:56,238 [org.apache.zookeeper.ClientCnxn$SendThread.logStartConnect(ClientCnxn.java:966)] Opening socket connection to server zookeeper02.elves_elves_net/172.18.0.6:2181. Will not attempt to authenticate using SASL (unknown error)
[INFO ] 2017-11-22 08:34:58,137 [org.apache.zookeeper.ClientCnxn$SendThread.primeConnection(ClientCnxn.java:849)] Socket connection established to zookeeper02.elves_elves_net/172.18.0.6:2181, initiating session
[INFO ] 2017-11-22 08:34:58,431 [org.apache.zookeeper.ClientCnxn$SendThread.onConnected(ClientCnxn.java:1207)] Session establishment complete on server zookeeper02.elves_elves_net/172.18.0.6:2181, sessionid = 0x25fe2dc8b2e0000, negotiated timeout = 10000
[INFO ] 2017-11-22 08:34:58,437 [org.apache.curator.framework.state.ConnectionStateManager.postState(ConnectionStateManager.java:194)] State change: CONNECTED
[INFO ] 2017-11-22 08:35:00,181 [cn.gyyx.elves.scheduler.entrance.ProgramEntrance.registerZooKeeper(ProgramEntrance.java:86)] registerZooKeeper success!
[INFO ] 2017-11-22 08:35:00,182 [cn.gyyx.elves.scheduler.entrance.ProgramEntrance.startSchedulerThriftService(ProgramEntrance.java:96)] start scheduler thrift service....
[INFO ] 2017-11-22 08:35:00,255 [cn.gyyx.elves.scheduler.entrance.ProgramEntrance.startSchedulerThriftService(ProgramEntrance.java:115)] start scheduler thrift server success!
[INFO ] 2017-11-22 09:03:09,845 [cn.gyyx.elves.scheduler.entrance.ProgramEntrance.loadLogConfig(ProgramEntrance.java:51)] load LogConfig success!
[INFO ] 2017-11-22 09:03:46,219 [org.springframework.context.support.AbstractApplicationContext.prepareRefresh(AbstractApplicationContext.java:510)] Refreshing org.springframework.context.support.FileSystemXmlApplicationContext@48533e64: startup date [Wed Nov 22 09:03:46 UTC 2017]; root of context hierarchy
[INFO ] 2017-11-22 09:03:46,390 [org.springframework.beans.factory.xml.XmlBeanDefinitionReader.loadBeanDefinitions(XmlBeanDefinitionReader.java:315)] Loading XML bean definitions from URL [file:/elves_scheduler/conf/spring.xml]
[INFO ] 2017-11-22 09:03:47,214 [org.springframework.beans.factory.xml.XmlBeanDefinitionReader.loadBeanDefinitions(XmlBeanDefinitionReader.java:315)] Loading XML bean definitions from URL [file:/elves_scheduler/conf/rabbitmq.xml]
[INFO ] 2017-11-22 09:03:48,245 [org.springframework.core.io.support.PropertiesLoaderSupport.loadProperties(PropertiesLoaderSupport.java:172)] Loading properties file from file [/elves_scheduler/conf/conf.properties]
[INFO ] 2017-11-22 09:03:48,284 [org.springframework.beans.factory.support.DefaultListableBeanFactory.preInstantiateSingletons(DefaultListableBeanFactory.java:603)] Pre-instantiating singletons in org.springframework.beans.factory.support.DefaultListableBeanFactory@47db50c5: defining beans [messageProducer,elvesConsumerService,org.springframework.context.annotation.internalConfigurationAnnotationProcessor,org.springframework.context.annotation.internalAutowiredAnnotationProcessor,org.springframework.context.annotation.internalRequiredAnnotationProcessor,org.springframework.context.annotation.internalCommonAnnotationProcessor,customConfigLoader,connectionFactory,org.springframework.amqp.rabbit.core.RabbitAdmin#0,topicTemplate,org.springframework.amqp.core.Queue#0,org.springframework.amqp.rabbit.config.BindingFactoryBean#0,org.springframework.amqp.core.TopicExchange#0,org.springframework.amqp.rabbit.listener.SimpleMessageListenerContainer#0,messageHandler,taskExecutor,org.springframework.context.annotation.ConfigurationClassPostProcessor.importAwareProcessor]; root of factory hierarchy
[INFO ] 2017-11-22 09:03:48,732 [org.springframework.scheduling.concurrent.ExecutorConfigurationSupport.initialize(ExecutorConfigurationSupport.java:154)] Initializing ExecutorService  'taskExecutor'
[INFO ] 2017-11-22 09:03:48,743 [org.springframework.context.support.DefaultLifecycleProcessor$LifecycleGroup.start(DefaultLifecycleProcessor.java:334)] Starting beans in phase 2147483647
[INFO ] 2017-11-22 09:03:48,941 [cn.gyyx.elves.scheduler.entrance.ProgramEntrance.loadApplicationXml(ProgramEntrance.java:59)] loadApplicationXml success!
[INFO ] 2017-11-22 09:03:48,943 [cn.gyyx.elves.scheduler.entrance.ProgramEntrance.registerZooKeeper(ProgramEntrance.java:68)] regist zookeeper ....zookeeper01:2181,zookeeper02:2181,zookeeper03:2181
[INFO ] 2017-11-22 09:03:49,171 [org.apache.curator.framework.imps.CuratorFrameworkImpl.start(CuratorFrameworkImpl.java:223)] Starting
[INFO ] 2017-11-22 09:03:49,185 [org.apache.zookeeper.Environment.logEnv(Environment.java:100)] Client environment:zookeeper.version=3.4.5-1392090, built on 09/30/2012 17:52 GMT
[INFO ] 2017-11-22 09:03:49,185 [org.apache.zookeeper.Environment.logEnv(Environment.java:100)] Client environment:host.name=7b7fea3bd280
[INFO ] 2017-11-22 09:03:49,185 [org.apache.zookeeper.Environment.logEnv(Environment.java:100)] Client environment:java.version=1.8.0_111
[INFO ] 2017-11-22 09:03:49,186 [org.apache.zookeeper.Environment.logEnv(Environment.java:100)] Client environment:java.vendor=Oracle Corporation
[INFO ] 2017-11-22 09:03:49,186 [org.apache.zookeeper.Environment.logEnv(Environment.java:100)] Client environment:java.home=/usr/lib/jvm/java-8-openjdk-amd64/jre
[INFO ] 2017-11-22 09:03:49,189 [org.apache.zookeeper.Environment.logEnv(Environment.java:100)] Client environment:java.class.path=./elves-scheduler-0.3.3-release.jar
[INFO ] 2017-11-22 09:03:49,190 [org.apache.zookeeper.Environment.logEnv(Environment.java:100)] Client environment:java.library.path=/usr/java/packages/lib/amd64:/usr/lib/x86_64-linux-gnu/jni:/lib/x86_64-linux-gnu:/usr/lib/x86_64-linux-gnu:/usr/lib/jni:/lib:/usr/lib
[INFO ] 2017-11-22 09:03:49,190 [org.apache.zookeeper.Environment.logEnv(Environment.java:100)] Client environment:java.io.tmpdir=/tmp
[INFO ] 2017-11-22 09:03:49,190 [org.apache.zookeeper.Environment.logEnv(Environment.java:100)] Client environment:java.compiler=<NA>
[INFO ] 2017-11-22 09:03:49,190 [org.apache.zookeeper.Environment.logEnv(Environment.java:100)] Client environment:os.name=Linux
[INFO ] 2017-11-22 09:03:49,191 [org.apache.zookeeper.Environment.logEnv(Environment.java:100)] Client environment:os.arch=amd64
[INFO ] 2017-11-22 09:03:49,191 [org.apache.zookeeper.Environment.logEnv(Environment.java:100)] Client environment:os.version=3.10.0-327.el7.x86_64
[INFO ] 2017-11-22 09:03:49,191 [org.apache.zookeeper.Environment.logEnv(Environment.java:100)] Client environment:user.name=root
[INFO ] 2017-11-22 09:03:49,192 [org.apache.zookeeper.Environment.logEnv(Environment.java:100)] Client environment:user.home=/root
[INFO ] 2017-11-22 09:03:49,192 [org.apache.zookeeper.Environment.logEnv(Environment.java:100)] Client environment:user.dir=/elves_scheduler/bin
[INFO ] 2017-11-22 09:03:49,194 [org.apache.zookeeper.ZooKeeper.<init>(ZooKeeper.java:438)] Initiating client connection, connectString=zookeeper01:2181,zookeeper02:2181,zookeeper03:2181 sessionTimeout=10000 watcher=org.apache.curator.ConnectionState@68567e20
[INFO ] 2017-11-22 09:03:49,233 [org.apache.zookeeper.ClientCnxn$SendThread.logStartConnect(ClientCnxn.java:966)] Opening socket connection to server zookeeper03.elves_elves_net/172.18.0.2:2181. Will not attempt to authenticate using SASL (unknown error)
[INFO ] 2017-11-22 09:03:49,353 [org.apache.zookeeper.ClientCnxn$SendThread.primeConnection(ClientCnxn.java:849)] Socket connection established to zookeeper03.elves_elves_net/172.18.0.2:2181, initiating session
[INFO ] 2017-11-22 09:03:49,425 [org.apache.zookeeper.ClientCnxn$SendThread.onConnected(ClientCnxn.java:1207)] Session establishment complete on server zookeeper03.elves_elves_net/172.18.0.2:2181, sessionid = 0x35fe2f5cae10001, negotiated timeout = 10000
[INFO ] 2017-11-22 09:03:49,455 [org.apache.curator.framework.state.ConnectionStateManager.postState(ConnectionStateManager.java:194)] State change: CONNECTED
[INFO ] 2017-11-22 09:03:51,173 [cn.gyyx.elves.scheduler.entrance.ProgramEntrance.registerZooKeeper(ProgramEntrance.java:86)] registerZooKeeper success!
[INFO ] 2017-11-22 09:03:51,520 [cn.gyyx.elves.scheduler.entrance.ProgramEntrance.startSchedulerThriftService(ProgramEntrance.java:96)] start scheduler thrift service....
[INFO ] 2017-11-22 09:03:51,525 [cn.gyyx.elves.scheduler.entrance.ProgramEntrance.startSchedulerThriftService(ProgramEntrance.java:115)] start scheduler thrift server success!
[INFO ] 2017-11-22 09:03:53,935 [org.springframework.amqp.rabbit.listener.SimpleMessageListenerContainer$AsyncMessageProcessingConsumer.run(SimpleMessageListenerContainer.java:1154)] Restarting Consumer: tags=[[]], channel=null, acknowledgeMode=AUTO local queue size=0
[INFO ] 2017-11-22 09:03:53,940 [org.springframework.amqp.rabbit.listener.SimpleMessageListenerContainer$AsyncMessageProcessingConsumer.run(SimpleMessageListenerContainer.java:1154)] Restarting Consumer: tags=[[]], channel=null, acknowledgeMode=AUTO local queue size=0
[INFO ] 2017-11-22 09:03:53,941 [org.springframework.amqp.rabbit.listener.SimpleMessageListenerContainer$AsyncMessageProcessingConsumer.run(SimpleMessageListenerContainer.java:1154)] Restarting Consumer: tags=[[]], channel=null, acknowledgeMode=AUTO local queue size=0
[INFO ] 2017-11-22 09:03:53,942 [org.springframework.amqp.rabbit.listener.SimpleMessageListenerContainer$AsyncMessageProcessingConsumer.run(SimpleMessageListenerContainer.java:1154)] Restarting Consumer: tags=[[]], channel=null, acknowledgeMode=AUTO local queue size=0
[INFO ] 2017-11-22 09:03:53,943 [org.springframework.amqp.rabbit.listener.SimpleMessageListenerContainer$AsyncMessageProcessingConsumer.run(SimpleMessageListenerContainer.java:1154)] Restarting Consumer: tags=[[]], channel=null, acknowledgeMode=AUTO local queue size=0
[INFO ] 2017-11-22 09:03:58,944 [org.springframework.amqp.rabbit.listener.SimpleMessageListenerContainer$AsyncMessageProcessingConsumer.run(SimpleMessageListenerContainer.java:1154)] Restarting Consumer: tags=[[]], channel=null, acknowledgeMode=AUTO local queue size=0
[INFO ] 2017-11-22 09:03:58,946 [org.springframework.amqp.rabbit.listener.SimpleMessageListenerContainer$AsyncMessageProcessingConsumer.run(SimpleMessageListenerContainer.java:1154)] Restarting Consumer: tags=[[]], channel=null, acknowledgeMode=AUTO local queue size=0
[INFO ] 2017-11-22 09:03:58,949 [org.springframework.amqp.rabbit.listener.SimpleMessageListenerContainer$AsyncMessageProcessingConsumer.run(SimpleMessageListenerContainer.java:1154)] Restarting Consumer: tags=[[]], channel=null, acknowledgeMode=AUTO local queue size=0
[INFO ] 2017-11-22 09:03:58,950 [org.springframework.amqp.rabbit.listener.SimpleMessageListenerContainer$AsyncMessageProcessingConsumer.run(SimpleMessageListenerContainer.java:1154)] Restarting Consumer: tags=[[]], channel=null, acknowledgeMode=AUTO local queue size=0
[INFO ] 2017-11-22 09:03:58,952 [org.springframework.amqp.rabbit.listener.SimpleMessageListenerContainer$AsyncMessageProcessingConsumer.run(SimpleMessageListenerContainer.java:1154)] Restarting Consumer: tags=[[]], channel=null, acknowledgeMode=AUTO local queue size=0
[INFO ] 2017-11-22 09:04:03,954 [org.springframework.amqp.rabbit.listener.SimpleMessageListenerContainer$AsyncMessageProcessingConsumer.run(SimpleMessageListenerContainer.java:1154)] Restarting Consumer: tags=[[]], channel=null, acknowledgeMode=AUTO local queue size=0
[INFO ] 2017-11-22 09:04:03,956 [org.springframework.amqp.rabbit.listener.SimpleMessageListenerContainer$AsyncMessageProcessingConsumer.run(SimpleMessageListenerContainer.java:1154)] Restarting Consumer: tags=[[]], channel=null, acknowledgeMode=AUTO local queue size=0
[INFO ] 2017-11-22 09:04:03,956 [org.springframework.amqp.rabbit.listener.SimpleMessageListenerContainer$AsyncMessageProcessingConsumer.run(SimpleMessageListenerContainer.java:1154)] Restarting Consumer: tags=[[]], channel=null, acknowledgeMode=AUTO local queue size=0
[INFO ] 2017-11-22 09:04:03,958 [org.springframework.amqp.rabbit.listener.SimpleMessageListenerContainer$AsyncMessageProcessingConsumer.run(SimpleMessageListenerContainer.java:1154)] Restarting Consumer: tags=[[]], channel=null, acknowledgeMode=AUTO local queue size=0
[INFO ] 2017-11-22 09:04:03,956 [org.springframework.amqp.rabbit.listener.SimpleMessageListenerContainer$AsyncMessageProcessingConsumer.run(SimpleMessageListenerContainer.java:1154)] Restarting Consumer: tags=[[]], channel=null, acknowledgeMode=AUTO local queue size=0
[INFO ] 2017-11-22 09:04:08,961 [org.springframework.amqp.rabbit.listener.SimpleMessageListenerContainer$AsyncMessageProcessingConsumer.run(SimpleMessageListenerContainer.java:1154)] Restarting Consumer: tags=[[]], channel=null, acknowledgeMode=AUTO local queue size=0
[INFO ] 2017-11-22 09:04:08,966 [org.springframework.amqp.rabbit.listener.SimpleMessageListenerContainer$AsyncMessageProcessingConsumer.run(SimpleMessageListenerContainer.java:1154)] Restarting Consumer: tags=[[]], channel=null, acknowledgeMode=AUTO local queue size=0
[INFO ] 2017-11-22 09:04:08,971 [org.springframework.amqp.rabbit.listener.SimpleMessageListenerContainer$AsyncMessageProcessingConsumer.run(SimpleMessageListenerContainer.java:1154)] Restarting Consumer: tags=[[]], channel=null, acknowledgeMode=AUTO local queue size=0
[INFO ] 2017-11-22 09:04:08,973 [org.springframework.amqp.rabbit.listener.SimpleMessageListenerContainer$AsyncMessageProcessingConsumer.run(SimpleMessageListenerContainer.java:1154)] Restarting Consumer: tags=[[]], channel=null, acknowledgeMode=AUTO local queue size=0
[INFO ] 2017-11-22 09:04:08,971 [org.springframework.amqp.rabbit.listener.SimpleMessageListenerContainer$AsyncMessageProcessingConsumer.run(SimpleMessageListenerContainer.java:1154)] Restarting Consumer: tags=[[]], channel=null, acknowledgeMode=AUTO local queue size=0
[INFO ] 2017-11-22 12:09:31,904 [cn.gyyx.elves.scheduler.entrance.ProgramEntrance.loadLogConfig(ProgramEntrance.java:51)] load LogConfig success!
[INFO ] 2017-11-22 12:09:55,802 [org.springframework.context.support.AbstractApplicationContext.prepareRefresh(AbstractApplicationContext.java:510)] Refreshing org.springframework.context.support.FileSystemXmlApplicationContext@48533e64: startup date [Wed Nov 22 12:09:55 UTC 2017]; root of context hierarchy
[INFO ] 2017-11-22 12:09:55,914 [org.springframework.beans.factory.xml.XmlBeanDefinitionReader.loadBeanDefinitions(XmlBeanDefinitionReader.java:315)] Loading XML bean definitions from URL [file:/elves_scheduler/conf/spring.xml]
[INFO ] 2017-11-22 12:10:05,869 [org.springframework.beans.factory.xml.XmlBeanDefinitionReader.loadBeanDefinitions(XmlBeanDefinitionReader.java:315)] Loading XML bean definitions from URL [file:/elves_scheduler/conf/rabbitmq.xml]
[INFO ] 2017-11-22 12:10:09,181 [org.springframework.core.io.support.PropertiesLoaderSupport.loadProperties(PropertiesLoaderSupport.java:172)] Loading properties file from file [/elves_scheduler/conf/conf.properties]
[INFO ] 2017-11-22 12:10:09,243 [org.springframework.beans.factory.support.DefaultListableBeanFactory.preInstantiateSingletons(DefaultListableBeanFactory.java:603)] Pre-instantiating singletons in org.springframework.beans.factory.support.DefaultListableBeanFactory@47db50c5: defining beans [messageProducer,elvesConsumerService,org.springframework.context.annotation.internalConfigurationAnnotationProcessor,org.springframework.context.annotation.internalAutowiredAnnotationProcessor,org.springframework.context.annotation.internalRequiredAnnotationProcessor,org.springframework.context.annotation.internalCommonAnnotationProcessor,customConfigLoader,connectionFactory,org.springframework.amqp.rabbit.core.RabbitAdmin#0,topicTemplate,org.springframework.amqp.core.Queue#0,org.springframework.amqp.rabbit.config.BindingFactoryBean#0,org.springframework.amqp.core.TopicExchange#0,org.springframework.amqp.rabbit.listener.SimpleMessageListenerContainer#0,messageHandler,taskExecutor,org.springframework.context.annotation.ConfigurationClassPostProcessor.importAwareProcessor]; root of factory hierarchy
[INFO ] 2017-11-22 12:10:09,742 [org.springframework.scheduling.concurrent.ExecutorConfigurationSupport.initialize(ExecutorConfigurationSupport.java:154)] Initializing ExecutorService  'taskExecutor'
[INFO ] 2017-11-22 12:10:09,751 [org.springframework.context.support.DefaultLifecycleProcessor$LifecycleGroup.start(DefaultLifecycleProcessor.java:334)] Starting beans in phase 2147483647
[INFO ] 2017-11-22 12:10:11,344 [cn.gyyx.elves.scheduler.entrance.ProgramEntrance.loadApplicationXml(ProgramEntrance.java:59)] loadApplicationXml success!
[INFO ] 2017-11-22 12:10:11,347 [cn.gyyx.elves.scheduler.entrance.ProgramEntrance.registerZooKeeper(ProgramEntrance.java:68)] regist zookeeper ....zookeeper01:2181,zookeeper02:2181,zookeeper03:2181
[INFO ] 2017-11-22 12:10:13,590 [org.apache.curator.framework.imps.CuratorFrameworkImpl.start(CuratorFrameworkImpl.java:223)] Starting
[INFO ] 2017-11-22 12:10:13,620 [org.apache.zookeeper.Environment.logEnv(Environment.java:100)] Client environment:zookeeper.version=3.4.5-1392090, built on 09/30/2012 17:52 GMT
[INFO ] 2017-11-22 12:10:13,621 [org.apache.zookeeper.Environment.logEnv(Environment.java:100)] Client environment:host.name=d6106e86855b
[INFO ] 2017-11-22 12:10:13,621 [org.apache.zookeeper.Environment.logEnv(Environment.java:100)] Client environment:java.version=1.8.0_111
[INFO ] 2017-11-22 12:10:13,622 [org.apache.zookeeper.Environment.logEnv(Environment.java:100)] Client environment:java.vendor=Oracle Corporation
[INFO ] 2017-11-22 12:10:13,622 [org.apache.zookeeper.Environment.logEnv(Environment.java:100)] Client environment:java.home=/usr/lib/jvm/java-8-openjdk-amd64/jre
[INFO ] 2017-11-22 12:10:13,626 [org.apache.zookeeper.Environment.logEnv(Environment.java:100)] Client environment:java.class.path=./elves-scheduler-0.3.3-release.jar
[INFO ] 2017-11-22 12:10:13,626 [org.apache.zookeeper.Environment.logEnv(Environment.java:100)] Client environment:java.library.path=/usr/java/packages/lib/amd64:/usr/lib/x86_64-linux-gnu/jni:/lib/x86_64-linux-gnu:/usr/lib/x86_64-linux-gnu:/usr/lib/jni:/lib:/usr/lib
[INFO ] 2017-11-22 12:10:13,627 [org.apache.zookeeper.Environment.logEnv(Environment.java:100)] Client environment:java.io.tmpdir=/tmp
[INFO ] 2017-11-22 12:10:13,627 [org.apache.zookeeper.Environment.logEnv(Environment.java:100)] Client environment:java.compiler=<NA>
[INFO ] 2017-11-22 12:10:13,627 [org.apache.zookeeper.Environment.logEnv(Environment.java:100)] Client environment:os.name=Linux
[INFO ] 2017-11-22 12:10:13,628 [org.apache.zookeeper.Environment.logEnv(Environment.java:100)] Client environment:os.arch=amd64
[INFO ] 2017-11-22 12:10:13,628 [org.apache.zookeeper.Environment.logEnv(Environment.java:100)] Client environment:os.version=3.10.0-327.el7.x86_64
[INFO ] 2017-11-22 12:10:13,629 [org.apache.zookeeper.Environment.logEnv(Environment.java:100)] Client environment:user.name=root
[INFO ] 2017-11-22 12:10:13,629 [org.apache.zookeeper.Environment.logEnv(Environment.java:100)] Client environment:user.home=/root
[INFO ] 2017-11-22 12:10:13,629 [org.apache.zookeeper.Environment.logEnv(Environment.java:100)] Client environment:user.dir=/elves_scheduler/bin
[INFO ] 2017-11-22 12:10:13,631 [org.apache.zookeeper.ZooKeeper.<init>(ZooKeeper.java:438)] Initiating client connection, connectString=zookeeper01:2181,zookeeper02:2181,zookeeper03:2181 sessionTimeout=10000 watcher=org.apache.curator.ConnectionState@17a7f733
[INFO ] 2017-11-22 12:10:14,505 [org.apache.zookeeper.ClientCnxn$SendThread.logStartConnect(ClientCnxn.java:966)] Opening socket connection to server zookeeper03.elves_elves_net/172.18.0.2:2181. Will not attempt to authenticate using SASL (unknown error)
[INFO ] 2017-11-22 12:10:15,591 [org.apache.zookeeper.ClientCnxn$SendThread.primeConnection(ClientCnxn.java:849)] Socket connection established to zookeeper03.elves_elves_net/172.18.0.2:2181, initiating session
[INFO ] 2017-11-22 12:10:15,796 [org.apache.zookeeper.ClientCnxn$SendThread.onConnected(ClientCnxn.java:1207)] Session establishment complete on server zookeeper03.elves_elves_net/172.18.0.2:2181, sessionid = 0x35fe3a0747d0000, negotiated timeout = 10000
[INFO ] 2017-11-22 12:10:15,801 [org.apache.curator.framework.state.ConnectionStateManager.postState(ConnectionStateManager.java:194)] State change: CONNECTED
[INFO ] 2017-11-22 12:10:23,087 [cn.gyyx.elves.scheduler.entrance.ProgramEntrance.registerZooKeeper(ProgramEntrance.java:86)] registerZooKeeper success!
[INFO ] 2017-11-22 12:10:23,087 [cn.gyyx.elves.scheduler.entrance.ProgramEntrance.startSchedulerThriftService(ProgramEntrance.java:96)] start scheduler thrift service....
[INFO ] 2017-11-22 12:10:25,025 [cn.gyyx.elves.scheduler.entrance.ProgramEntrance.startSchedulerThriftService(ProgramEntrance.java:115)] start scheduler thrift server success!
