[INFO ] 2017-11-22 06:20:13,760 [org.apache.zookeeper.ClientCnxn$SendThread.run(ClientCnxn.java:1083)] Client session timed out, have not heard from server in 6669ms for sessionid 0x25fc9da94900001, closing socket connection and attempting reconnect
[INFO ] 2017-11-22 06:20:21,392 [org.apache.curator.framework.state.ConnectionStateManager.postState(ConnectionStateManager.java:194)] State change: SUSPENDED
[INFO ] 2017-11-22 06:20:22,170 [org.apache.zookeeper.ClientCnxn$SendThread.logStartConnect(ClientCnxn.java:966)] Opening socket connection to server zookeeper01.elves_elves_net/172.18.0.7:2181. Will not attempt to authenticate using SASL (unknown error)
[INFO ] 2017-11-22 06:20:22,172 [org.apache.zookeeper.ClientCnxn$SendThread.primeConnection(ClientCnxn.java:849)] Socket connection established to zookeeper01.elves_elves_net/172.18.0.7:2181, initiating session
[INFO ] 2017-11-22 06:20:25,507 [org.apache.zookeeper.ClientCnxn$SendThread.run(ClientCnxn.java:1083)] Client session timed out, have not heard from server in 3335ms for sessionid 0x25fc9da94900001, closing socket connection and attempting reconnect
[INFO ] 2017-11-22 06:20:26,452 [org.apache.zookeeper.ClientCnxn$SendThread.logStartConnect(ClientCnxn.java:966)] Opening socket connection to server zookeeper03.elves_elves_net/172.18.0.3:2181. Will not attempt to authenticate using SASL (unknown error)
[INFO ] 2017-11-22 06:20:26,675 [org.apache.zookeeper.ClientCnxn$SendThread.primeConnection(ClientCnxn.java:849)] Socket connection established to zookeeper03.elves_elves_net/172.18.0.3:2181, initiating session
[INFO ] 2017-11-22 06:20:26,677 [org.apache.zookeeper.ClientCnxn$SendThread.run(ClientCnxn.java:1085)] Unable to read additional data from server sessionid 0x25fc9da94900001, likely server has closed socket, closing socket connection and attempting reconnect
[INFO ] 2017-11-22 06:20:28,678 [org.apache.zookeeper.ClientCnxn$SendThread.logStartConnect(ClientCnxn.java:966)] Opening socket connection to server zookeeper02.elves_elves_net/172.18.0.6:2181. Will not attempt to authenticate using SASL (unknown error)
[INFO ] 2017-11-22 06:20:28,679 [org.apache.zookeeper.ClientCnxn$SendThread.primeConnection(ClientCnxn.java:849)] Socket connection established to zookeeper02.elves_elves_net/172.18.0.6:2181, initiating session
[INFO ] 2017-11-22 06:20:28,680 [org.apache.zookeeper.ClientCnxn$SendThread.run(ClientCnxn.java:1085)] Unable to read additional data from server sessionid 0x25fc9da94900001, likely server has closed socket, closing socket connection and attempting reconnect
[INFO ] 2017-11-22 06:20:29,351 [org.apache.zookeeper.ClientCnxn$SendThread.logStartConnect(ClientCnxn.java:966)] Opening socket connection to server zookeeper01.elves_elves_net/172.18.0.7:2181. Will not attempt to authenticate using SASL (unknown error)
[INFO ] 2017-11-22 06:20:30,043 [org.apache.zookeeper.ClientCnxn$SendThread.primeConnection(ClientCnxn.java:849)] Socket connection established to zookeeper01.elves_elves_net/172.18.0.7:2181, initiating session
[INFO ] 2017-11-22 06:20:33,478 [org.apache.zookeeper.ZooKeeper.close(ZooKeeper.java:684)] Session: 0x25fc9da94900001 closed
[INFO ] 2017-11-22 06:20:33,928 [org.apache.zookeeper.ZooKeeper.<init>(ZooKeeper.java:438)] Initiating client connection, connectString=zookeeper01:2181,zookeeper02:2181,zookeeper03:2181 sessionTimeout=10000 watcher=org.apache.curator.ConnectionState@3e08ff24
[INFO ] 2017-11-22 06:20:33,480 [org.apache.zookeeper.ClientCnxn$EventThread.run(ClientCnxn.java:509)] EventThread shut down
[INFO ] 2017-11-22 06:20:33,936 [org.apache.zookeeper.ClientCnxn$SendThread.logStartConnect(ClientCnxn.java:966)] Opening socket connection to server zookeeper02.elves_elves_net/172.18.0.6:2181. Will not attempt to authenticate using SASL (unknown error)
[INFO ] 2017-11-22 06:20:33,937 [org.apache.zookeeper.ClientCnxn$SendThread.primeConnection(ClientCnxn.java:849)] Socket connection established to zookeeper02.elves_elves_net/172.18.0.6:2181, initiating session
[INFO ] 2017-11-22 06:20:34,730 [org.apache.zookeeper.ClientCnxn$SendThread.onConnected(ClientCnxn.java:1207)] Session establishment complete on server zookeeper02.elves_elves_net/172.18.0.6:2181, sessionid = 0x25fe2628dfd0001, negotiated timeout = 10000
[INFO ] 2017-11-22 06:20:34,731 [org.apache.curator.framework.state.ConnectionStateManager.postState(ConnectionStateManager.java:194)] State change: RECONNECTED
[INFO ] 2017-11-22 07:26:48,779 [cn.gyyx.openapi.listener.WebContextListener.initWebApplicationContext(WebContextListener.java:29)] conf.properties path :/elves_openapi/conf/conf.properties
[INFO ] 2017-11-22 07:26:48,812 [org.springframework.web.context.ContextLoader.initWebApplicationContext(ContextLoader.java:285)] Root WebApplicationContext: initialization started
[INFO ] 2017-11-22 07:26:49,044 [org.springframework.context.support.AbstractApplicationContext.prepareRefresh(AbstractApplicationContext.java:510)] Refreshing Root WebApplicationContext: startup date [Wed Nov 22 07:26:49 UTC 2017]; root of context hierarchy
[INFO ] 2017-11-22 07:26:49,136 [org.springframework.beans.factory.xml.XmlBeanDefinitionReader.loadBeanDefinitions(XmlBeanDefinitionReader.java:315)] Loading XML bean definitions from class path resource [spring.xml]
[INFO ] 2017-11-22 07:26:49,538 [org.springframework.beans.factory.xml.XmlBeanDefinitionReader.loadBeanDefinitions(XmlBeanDefinitionReader.java:315)] Loading XML bean definitions from class path resource [rabbitmq.xml]
[INFO ] 2017-11-22 07:26:49,802 [cn.gyyx.elves.util.CustomPropertyPlaceholderConfigurer.<init>(CustomPropertyPlaceholderConfigurer.java:31)] get openapi path :/elves_openapi
[INFO ] 2017-11-22 07:26:49,803 [org.springframework.core.io.support.PropertiesLoaderSupport.loadProperties(PropertiesLoaderSupport.java:172)] Loading properties file from file [/elves_openapi/conf/conf.properties]
[INFO ] 2017-11-22 07:26:49,844 [org.springframework.beans.factory.support.DefaultListableBeanFactory.preInstantiateSingletons(DefaultListableBeanFactory.java:603)] Pre-instantiating singletons in org.springframework.beans.factory.support.DefaultListableBeanFactory@1622f1b: defining beans [messageProducer,org.springframework.context.annotation.internalConfigurationAnnotationProcessor,org.springframework.context.annotation.internalAutowiredAnnotationProcessor,org.springframework.context.annotation.internalRequiredAnnotationProcessor,org.springframework.context.annotation.internalCommonAnnotationProcessor,customConfigLoader,connectionFactory,org.springframework.amqp.rabbit.core.RabbitAdmin#0,topicTemplate,org.springframework.amqp.core.Queue#0,org.springframework.amqp.rabbit.config.BindingFactoryBean#0,org.springframework.amqp.core.TopicExchange#0,org.springframework.amqp.rabbit.listener.SimpleMessageListenerContainer#0,messageHandler,taskExecutor,org.springframework.context.annotation.ConfigurationClassPostProcessor.importAwareProcessor]; root of factory hierarchy
[INFO ] 2017-11-22 07:26:50,117 [org.springframework.scheduling.concurrent.ExecutorConfigurationSupport.initialize(ExecutorConfigurationSupport.java:154)] Initializing ExecutorService  'taskExecutor'
[INFO ] 2017-11-22 07:26:50,124 [org.springframework.context.support.DefaultLifecycleProcessor$LifecycleGroup.start(DefaultLifecycleProcessor.java:334)] Starting beans in phase 2147483647
[INFO ] 2017-11-22 07:26:51,810 [org.springframework.web.context.ContextLoader.initWebApplicationContext(ContextLoader.java:325)] Root WebApplicationContext: initialization completed in 2960 ms
[INFO ] 2017-11-22 07:26:51,975 [org.apache.curator.framework.imps.CuratorFrameworkImpl.start(CuratorFrameworkImpl.java:223)] Starting
[INFO ] 2017-11-22 07:26:51,988 [org.apache.zookeeper.Environment.logEnv(Environment.java:100)] Client environment:zookeeper.version=3.4.5-1392090, built on 09/30/2012 17:52 GMT
[INFO ] 2017-11-22 07:26:51,988 [org.apache.zookeeper.Environment.logEnv(Environment.java:100)] Client environment:host.name=4c01e3e68750
[INFO ] 2017-11-22 07:26:51,989 [org.apache.zookeeper.Environment.logEnv(Environment.java:100)] Client environment:java.version=1.8.0_111
[INFO ] 2017-11-22 07:26:51,989 [org.apache.zookeeper.Environment.logEnv(Environment.java:100)] Client environment:java.vendor=Oracle Corporation
[INFO ] 2017-11-22 07:26:51,992 [org.apache.zookeeper.Environment.logEnv(Environment.java:100)] Client environment:java.home=/usr/lib/jvm/java-8-openjdk-amd64/jre
[INFO ] 2017-11-22 07:26:51,993 [org.apache.zookeeper.Environment.logEnv(Environment.java:100)] Client environment:java.class.path=./elves-openapi-0.3.5-release.jar
[INFO ] 2017-11-22 07:26:51,993 [org.apache.zookeeper.Environment.logEnv(Environment.java:100)] Client environment:java.library.path=/usr/java/packages/lib/amd64:/usr/lib/x86_64-linux-gnu/jni:/lib/x86_64-linux-gnu:/usr/lib/x86_64-linux-gnu:/usr/lib/jni:/lib:/usr/lib
[INFO ] 2017-11-22 07:26:51,994 [org.apache.zookeeper.Environment.logEnv(Environment.java:100)] Client environment:java.io.tmpdir=/tmp
[INFO ] 2017-11-22 07:26:51,994 [org.apache.zookeeper.Environment.logEnv(Environment.java:100)] Client environment:java.compiler=<NA>
[INFO ] 2017-11-22 07:26:51,994 [org.apache.zookeeper.Environment.logEnv(Environment.java:100)] Client environment:os.name=Linux
[INFO ] 2017-11-22 07:26:51,995 [org.apache.zookeeper.Environment.logEnv(Environment.java:100)] Client environment:os.arch=amd64
[INFO ] 2017-11-22 07:26:51,995 [org.apache.zookeeper.Environment.logEnv(Environment.java:100)] Client environment:os.version=3.10.0-327.el7.x86_64
[INFO ] 2017-11-22 07:26:51,995 [org.apache.zookeeper.Environment.logEnv(Environment.java:100)] Client environment:user.name=root
[INFO ] 2017-11-22 07:26:51,996 [org.apache.zookeeper.Environment.logEnv(Environment.java:100)] Client environment:user.home=/root
[INFO ] 2017-11-22 07:26:51,996 [org.apache.zookeeper.Environment.logEnv(Environment.java:100)] Client environment:user.dir=/elves_openapi/bin
[INFO ] 2017-11-22 07:26:51,998 [org.apache.zookeeper.ZooKeeper.<init>(ZooKeeper.java:438)] Initiating client connection, connectString=zookeeper01:2181,zookeeper02:2181,zookeeper03:2181 sessionTimeout=10000 watcher=org.apache.curator.ConnectionState@2b40ff9c
[INFO ] 2017-11-22 07:26:52,044 [org.apache.zookeeper.ClientCnxn$SendThread.logStartConnect(ClientCnxn.java:966)] Opening socket connection to server zookeeper02.elves_elves_net/172.18.0.7:2181. Will not attempt to authenticate using SASL (unknown error)
[INFO ] 2017-11-22 07:26:52,349 [org.apache.zookeeper.ClientCnxn$SendThread.primeConnection(ClientCnxn.java:849)] Socket connection established to zookeeper02.elves_elves_net/172.18.0.7:2181, initiating session
[INFO ] 2017-11-22 07:26:52,702 [org.apache.zookeeper.ClientCnxn$SendThread.onConnected(ClientCnxn.java:1207)] Session establishment complete on server zookeeper02.elves_elves_net/172.18.0.7:2181, sessionid = 0x25fe29d7b360001, negotiated timeout = 10000
[INFO ] 2017-11-22 07:26:52,800 [org.apache.curator.framework.state.ConnectionStateManager.postState(ConnectionStateManager.java:194)] State change: CONNECTED
[INFO ] 2017-11-22 07:26:54,345 [cn.gyyx.openapi.listener.zookeeperEnrollListener.contextInitialized(zookeeperEnrollListener.java:52)] register zookeeper openapi node success
[INFO ] 2017-11-22 07:26:54,410 [org.springframework.web.servlet.FrameworkServlet.initServletBean(FrameworkServlet.java:457)] FrameworkServlet 'web-app': initialization started
[INFO ] 2017-11-22 07:26:54,415 [org.springframework.context.support.AbstractApplicationContext.prepareRefresh(AbstractApplicationContext.java:510)] Refreshing WebApplicationContext for namespace 'web-app-servlet': startup date [Wed Nov 22 07:26:54 UTC 2017]; parent: Root WebApplicationContext
[INFO ] 2017-11-22 07:26:54,442 [org.springframework.beans.factory.xml.XmlBeanDefinitionReader.loadBeanDefinitions(XmlBeanDefinitionReader.java:315)] Loading XML bean definitions from class path resource [spring-mvc.xml]
[INFO ] 2017-11-22 07:26:54,629 [org.springframework.beans.factory.support.DefaultListableBeanFactory.preInstantiateSingletons(DefaultListableBeanFactory.java:603)] Pre-instantiating singletons in org.springframework.beans.factory.support.DefaultListableBeanFactory@72ade7e3: defining beans [cronWebService,infoWebService,queueWebService,rtWebService,org.springframework.context.annotation.internalConfigurationAnnotationProcessor,org.springframework.context.annotation.internalAutowiredAnnotationProcessor,org.springframework.context.annotation.internalRequiredAnnotationProcessor,org.springframework.context.annotation.internalCommonAnnotationProcessor,contentNegotiationManager,org.springframework.web.servlet.mvc.method.annotation.RequestMappingHandlerMapping#0,org.springframework.format.support.FormattingConversionServiceFactoryBean#0,org.springframework.web.servlet.mvc.method.annotation.RequestMappingHandlerAdapter#0,org.springframework.web.servlet.handler.MappedInterceptor#0,org.springframework.web.servlet.mvc.method.annotation.ExceptionHandlerExceptionResolver#0,org.springframework.web.servlet.mvc.annotation.ResponseStatusExceptionResolver#0,org.springframework.web.servlet.mvc.support.DefaultHandlerExceptionResolver#0,org.springframework.web.servlet.handler.BeanNameUrlHandlerMapping,org.springframework.web.servlet.mvc.HttpRequestHandlerAdapter,org.springframework.web.servlet.mvc.SimpleControllerHandlerAdapter,org.springframework.web.servlet.view.InternalResourceViewResolver#0,org.springframework.beans.factory.annotation.AutowiredAnnotationBeanPostProcessor#0,org.springframework.web.servlet.resource.DefaultServletHttpRequestHandler#0,org.springframework.web.servlet.handler.SimpleUrlHandlerMapping#0,org.springframework.context.annotation.ConfigurationClassPostProcessor.importAwareProcessor]; parent: org.springframework.beans.factory.support.DefaultListableBeanFactory@1622f1b
[INFO ] 2017-11-22 07:26:54,732 [org.springframework.web.servlet.handler.AbstractHandlerMethodMapping.registerHandlerMethod(AbstractHandlerMethodMapping.java:180)] Mapped "{[/api/v2/cron/start],methods=[POST || GET],params=[],headers=[],consumes=[],produces=[],custom=[]}" onto public java.lang.String cn.gyyx.openapi.webservice.CronWebService.startCron(java.lang.String)
[INFO ] 2017-11-22 07:26:54,733 [org.springframework.web.servlet.handler.AbstractHandlerMethodMapping.registerHandlerMethod(AbstractHandlerMethodMapping.java:180)] Mapped "{[/api/v2/cron/stop],methods=[POST || GET],params=[],headers=[],consumes=[],produces=[],custom=[]}" onto public java.lang.String cn.gyyx.openapi.webservice.CronWebService.stopCron(java.lang.String)
[INFO ] 2017-11-22 07:26:54,733 [org.springframework.web.servlet.handler.AbstractHandlerMethodMapping.registerHandlerMethod(AbstractHandlerMethodMapping.java:180)] Mapped "{[/api/v2/cron/delete],methods=[POST || GET],params=[],headers=[],consumes=[],produces=[],custom=[]}" onto public java.lang.String cn.gyyx.openapi.webservice.CronWebService.deleteCron(java.lang.String)
[INFO ] 2017-11-22 07:26:54,734 [org.springframework.web.servlet.handler.AbstractHandlerMethodMapping.registerHandlerMethod(AbstractHandlerMethodMapping.java:180)] Mapped "{[/api/v2/cron/detail],methods=[POST || GET],params=[],headers=[],consumes=[],produces=[],custom=[]}" onto public java.lang.String cn.gyyx.openapi.webservice.CronWebService.detailCron(java.lang.String)
[INFO ] 2017-11-22 07:26:54,734 [org.springframework.web.servlet.handler.AbstractHandlerMethodMapping.registerHandlerMethod(AbstractHandlerMethodMapping.java:180)] Mapped "{[/api/v2/cron/add],methods=[POST || GET],params=[],headers=[],consumes=[],produces=[],custom=[]}" onto public java.lang.String cn.gyyx.openapi.webservice.CronWebService.addCron(java.lang.String,java.lang.String,java.lang.String,java.lang.String,java.lang.String,java.lang.String,java.lang.String,java.lang.String)
[INFO ] 2017-11-22 07:26:54,736 [org.springframework.web.servlet.handler.AbstractHandlerMethodMapping.registerHandlerMethod(AbstractHandlerMethodMapping.java:180)] Mapped "{[/api/v2/info/app],methods=[POST || GET],params=[],headers=[],consumes=[],produces=[],custom=[]}" onto public java.lang.String cn.gyyx.openapi.webservice.InfoWebService.getApps(java.lang.String)
[INFO ] 2017-11-22 07:26:54,736 [org.springframework.web.servlet.handler.AbstractHandlerMethodMapping.registerHandlerMethod(AbstractHandlerMethodMapping.java:180)] Mapped "{[/api/v2/info/agents],methods=[POST || GET],params=[],headers=[],consumes=[],produces=[],custom=[]}" onto public java.lang.String cn.gyyx.openapi.webservice.InfoWebService.getAgents(java.lang.String)
[INFO ] 2017-11-22 07:26:54,736 [org.springframework.web.servlet.handler.AbstractHandlerMethodMapping.registerHandlerMethod(AbstractHandlerMethodMapping.java:180)] Mapped "{[/api/v2/info/agents/detail],methods=[POST || GET],params=[],headers=[],consumes=[],produces=[],custom=[]}" onto public java.lang.String cn.gyyx.openapi.webservice.InfoWebService.getAgentsDetail(java.lang.String,java.lang.String)
[INFO ] 2017-11-22 07:26:54,739 [org.springframework.web.servlet.handler.AbstractHandlerMethodMapping.registerHandlerMethod(AbstractHandlerMethodMapping.java:180)] Mapped "{[/api/v2/queue/commit],methods=[POST || GET],params=[],headers=[],consumes=[],produces=[],custom=[]}" onto public java.lang.String cn.gyyx.openapi.webservice.QueueWebService.commit(java.lang.String)
[INFO ] 2017-11-22 07:26:54,739 [org.springframework.web.servlet.handler.AbstractHandlerMethodMapping.registerHandlerMethod(AbstractHandlerMethodMapping.java:180)] Mapped "{[/api/v2/queue/addtask],methods=[POST || GET],params=[],headers=[],consumes=[],produces=[],custom=[]}" onto public java.lang.String cn.gyyx.openapi.webservice.QueueWebService.addTask(java.lang.String,java.lang.String,java.lang.String,java.lang.String,java.lang.String,java.lang.String,java.lang.String,java.lang.String,java.lang.String,java.lang.String)
[INFO ] 2017-11-22 07:26:54,740 [org.springframework.web.servlet.handler.AbstractHandlerMethodMapping.registerHandlerMethod(AbstractHandlerMethodMapping.java:180)] Mapped "{[/api/v2/queue/stop],methods=[POST || GET],params=[],headers=[],consumes=[],produces=[],custom=[]}" onto public java.lang.String cn.gyyx.openapi.webservice.QueueWebService.qstop(java.lang.String)
[INFO ] 2017-11-22 07:26:54,740 [org.springframework.web.servlet.handler.AbstractHandlerMethodMapping.registerHandlerMethod(AbstractHandlerMethodMapping.java:180)] Mapped "{[/api/v2/queue/qksqueue],methods=[POST || GET],params=[],headers=[],consumes=[],produces=[],custom=[]}" onto public java.lang.String cn.gyyx.openapi.webservice.QueueWebService.qksqueue(java.lang.String,java.lang.String,java.lang.String,java.lang.String,java.lang.String,java.lang.String,java.lang.String,java.lang.String)
[INFO ] 2017-11-22 07:26:54,741 [org.springframework.web.servlet.handler.AbstractHandlerMethodMapping.registerHandlerMethod(AbstractHandlerMethodMapping.java:180)] Mapped "{[/api/v2/queue/create],methods=[POST || GET],params=[],headers=[],consumes=[],produces=[],custom=[]}" onto public java.lang.String cn.gyyx.openapi.webservice.QueueWebService.create(java.lang.String)
[INFO ] 2017-11-22 07:26:54,741 [org.springframework.web.servlet.handler.AbstractHandlerMethodMapping.registerHandlerMethod(AbstractHandlerMethodMapping.java:180)] Mapped "{[/api/v2/queue/result],methods=[POST || GET],params=[],headers=[],consumes=[],produces=[],custom=[]}" onto public java.lang.String cn.gyyx.openapi.webservice.QueueWebService.result(java.lang.String)
[INFO ] 2017-11-22 07:26:54,742 [org.springframework.web.servlet.handler.AbstractHandlerMethodMapping.registerHandlerMethod(AbstractHandlerMethodMapping.java:180)] Mapped "{[/api/v2/rt/exec],methods=[POST || GET],params=[],headers=[],consumes=[],produces=[],custom=[]}" onto public java.lang.String cn.gyyx.openapi.webservice.RtWebService.execRt(javax.servlet.http.HttpServletRequest,java.lang.String,java.lang.String,java.lang.String,java.lang.String,java.lang.String,java.lang.String,java.lang.String)
[INFO ] 2017-11-22 07:26:55,268 [org.springframework.web.servlet.handler.AbstractUrlHandlerMapping.registerHandler(AbstractUrlHandlerMapping.java:315)] Mapped URL path [/**] onto handler 'org.springframework.web.servlet.resource.DefaultServletHttpRequestHandler#0'
[INFO ] 2017-11-22 07:26:55,326 [org.springframework.web.servlet.FrameworkServlet.initServletBean(FrameworkServlet.java:476)] FrameworkServlet 'web-app': initialization completed in 915 ms
[INFO ] 2017-11-22 07:42:42,306 [cn.gyyx.openapi.listener.WebContextListener.initWebApplicationContext(WebContextListener.java:29)] conf.properties path :/elves_openapi/conf/conf.properties
[INFO ] 2017-11-22 07:42:42,343 [org.springframework.web.context.ContextLoader.initWebApplicationContext(ContextLoader.java:285)] Root WebApplicationContext: initialization started
[INFO ] 2017-11-22 07:42:42,570 [org.springframework.context.support.AbstractApplicationContext.prepareRefresh(AbstractApplicationContext.java:510)] Refreshing Root WebApplicationContext: startup date [Wed Nov 22 07:42:42 UTC 2017]; root of context hierarchy
[INFO ] 2017-11-22 07:42:42,678 [org.springframework.beans.factory.xml.XmlBeanDefinitionReader.loadBeanDefinitions(XmlBeanDefinitionReader.java:315)] Loading XML bean definitions from class path resource [spring.xml]
[INFO ] 2017-11-22 07:42:43,086 [org.springframework.beans.factory.xml.XmlBeanDefinitionReader.loadBeanDefinitions(XmlBeanDefinitionReader.java:315)] Loading XML bean definitions from class path resource [rabbitmq.xml]
[INFO ] 2017-11-22 07:42:43,381 [cn.gyyx.elves.util.CustomPropertyPlaceholderConfigurer.<init>(CustomPropertyPlaceholderConfigurer.java:31)] get openapi path :/elves_openapi
[INFO ] 2017-11-22 07:42:43,382 [org.springframework.core.io.support.PropertiesLoaderSupport.loadProperties(PropertiesLoaderSupport.java:172)] Loading properties file from file [/elves_openapi/conf/conf.properties]
[INFO ] 2017-11-22 07:42:43,412 [org.springframework.beans.factory.support.DefaultListableBeanFactory.preInstantiateSingletons(DefaultListableBeanFactory.java:603)] Pre-instantiating singletons in org.springframework.beans.factory.support.DefaultListableBeanFactory@1622f1b: defining beans [messageProducer,org.springframework.context.annotation.internalConfigurationAnnotationProcessor,org.springframework.context.annotation.internalAutowiredAnnotationProcessor,org.springframework.context.annotation.internalRequiredAnnotationProcessor,org.springframework.context.annotation.internalCommonAnnotationProcessor,customConfigLoader,connectionFactory,org.springframework.amqp.rabbit.core.RabbitAdmin#0,topicTemplate,org.springframework.amqp.core.Queue#0,org.springframework.amqp.rabbit.config.BindingFactoryBean#0,org.springframework.amqp.core.TopicExchange#0,org.springframework.amqp.rabbit.listener.SimpleMessageListenerContainer#0,messageHandler,taskExecutor,org.springframework.context.annotation.ConfigurationClassPostProcessor.importAwareProcessor]; root of factory hierarchy
[INFO ] 2017-11-22 07:42:43,644 [org.springframework.scheduling.concurrent.ExecutorConfigurationSupport.initialize(ExecutorConfigurationSupport.java:154)] Initializing ExecutorService  'taskExecutor'
[INFO ] 2017-11-22 07:42:43,651 [org.springframework.context.support.DefaultLifecycleProcessor$LifecycleGroup.start(DefaultLifecycleProcessor.java:334)] Starting beans in phase 2147483647
[INFO ] 2017-11-22 07:42:45,012 [org.springframework.web.context.ContextLoader.initWebApplicationContext(ContextLoader.java:325)] Root WebApplicationContext: initialization completed in 2669 ms
[INFO ] 2017-11-22 07:42:45,198 [org.apache.curator.framework.imps.CuratorFrameworkImpl.start(CuratorFrameworkImpl.java:223)] Starting
[INFO ] 2017-11-22 07:42:45,208 [org.apache.zookeeper.Environment.logEnv(Environment.java:100)] Client environment:zookeeper.version=3.4.5-1392090, built on 09/30/2012 17:52 GMT
[INFO ] 2017-11-22 07:42:45,208 [org.apache.zookeeper.Environment.logEnv(Environment.java:100)] Client environment:host.name=7ca2accd5a28
[INFO ] 2017-11-22 07:42:45,209 [org.apache.zookeeper.Environment.logEnv(Environment.java:100)] Client environment:java.version=1.8.0_111
[INFO ] 2017-11-22 07:42:45,209 [org.apache.zookeeper.Environment.logEnv(Environment.java:100)] Client environment:java.vendor=Oracle Corporation
[INFO ] 2017-11-22 07:42:45,211 [org.apache.zookeeper.Environment.logEnv(Environment.java:100)] Client environment:java.home=/usr/lib/jvm/java-8-openjdk-amd64/jre
[INFO ] 2017-11-22 07:42:45,212 [org.apache.zookeeper.Environment.logEnv(Environment.java:100)] Client environment:java.class.path=./elves-openapi-0.3.5-release.jar
[INFO ] 2017-11-22 07:42:45,212 [org.apache.zookeeper.Environment.logEnv(Environment.java:100)] Client environment:java.library.path=/usr/java/packages/lib/amd64:/usr/lib/x86_64-linux-gnu/jni:/lib/x86_64-linux-gnu:/usr/lib/x86_64-linux-gnu:/usr/lib/jni:/lib:/usr/lib
[INFO ] 2017-11-22 07:42:45,212 [org.apache.zookeeper.Environment.logEnv(Environment.java:100)] Client environment:java.io.tmpdir=/tmp
[INFO ] 2017-11-22 07:42:45,213 [org.apache.zookeeper.Environment.logEnv(Environment.java:100)] Client environment:java.compiler=<NA>
[INFO ] 2017-11-22 07:42:45,213 [org.apache.zookeeper.Environment.logEnv(Environment.java:100)] Client environment:os.name=Linux
[INFO ] 2017-11-22 07:42:45,213 [org.apache.zookeeper.Environment.logEnv(Environment.java:100)] Client environment:os.arch=amd64
[INFO ] 2017-11-22 07:42:45,213 [org.apache.zookeeper.Environment.logEnv(Environment.java:100)] Client environment:os.version=3.10.0-327.el7.x86_64
[INFO ] 2017-11-22 07:42:45,214 [org.apache.zookeeper.Environment.logEnv(Environment.java:100)] Client environment:user.name=root
[INFO ] 2017-11-22 07:42:45,214 [org.apache.zookeeper.Environment.logEnv(Environment.java:100)] Client environment:user.home=/root
[INFO ] 2017-11-22 07:42:45,214 [org.apache.zookeeper.Environment.logEnv(Environment.java:100)] Client environment:user.dir=/elves_openapi/bin
[INFO ] 2017-11-22 07:42:45,215 [org.apache.zookeeper.ZooKeeper.<init>(ZooKeeper.java:438)] Initiating client connection, connectString=zookeeper01:2181,zookeeper02:2181,zookeeper03:2181 sessionTimeout=10000 watcher=org.apache.curator.ConnectionState@2b40ff9c
[INFO ] 2017-11-22 07:42:51,332 [org.apache.zookeeper.ClientCnxn$SendThread.logStartConnect(ClientCnxn.java:966)] Opening socket connection to server zookeeper01.elves_elves_net/172.18.0.6:2181. Will not attempt to authenticate using SASL (unknown error)
[INFO ] 2017-11-22 07:42:51,467 [org.apache.zookeeper.ClientCnxn$SendThread.primeConnection(ClientCnxn.java:849)] Socket connection established to zookeeper01.elves_elves_net/172.18.0.6:2181, initiating session
[INFO ] 2017-11-22 07:42:51,500 [org.apache.zookeeper.ClientCnxn$SendThread.onConnected(ClientCnxn.java:1207)] Session establishment complete on server zookeeper01.elves_elves_net/172.18.0.6:2181, sessionid = 0x15fe2ac5a950001, negotiated timeout = 10000
[INFO ] 2017-11-22 07:42:51,508 [org.apache.curator.framework.state.ConnectionStateManager.postState(ConnectionStateManager.java:194)] State change: CONNECTED
[INFO ] 2017-11-22 07:42:51,660 [cn.gyyx.openapi.listener.zookeeperEnrollListener.contextInitialized(zookeeperEnrollListener.java:52)] register zookeeper openapi node success
[INFO ] 2017-11-22 07:42:51,740 [org.springframework.web.servlet.FrameworkServlet.initServletBean(FrameworkServlet.java:457)] FrameworkServlet 'web-app': initialization started
[INFO ] 2017-11-22 07:42:51,745 [org.springframework.context.support.AbstractApplicationContext.prepareRefresh(AbstractApplicationContext.java:510)] Refreshing WebApplicationContext for namespace 'web-app-servlet': startup date [Wed Nov 22 07:42:51 UTC 2017]; parent: Root WebApplicationContext
[INFO ] 2017-11-22 07:42:51,747 [org.springframework.beans.factory.xml.XmlBeanDefinitionReader.loadBeanDefinitions(XmlBeanDefinitionReader.java:315)] Loading XML bean definitions from class path resource [spring-mvc.xml]
[INFO ] 2017-11-22 07:42:51,963 [org.springframework.beans.factory.support.DefaultListableBeanFactory.preInstantiateSingletons(DefaultListableBeanFactory.java:603)] Pre-instantiating singletons in org.springframework.beans.factory.support.DefaultListableBeanFactory@72ade7e3: defining beans [cronWebService,infoWebService,queueWebService,rtWebService,org.springframework.context.annotation.internalConfigurationAnnotationProcessor,org.springframework.context.annotation.internalAutowiredAnnotationProcessor,org.springframework.context.annotation.internalRequiredAnnotationProcessor,org.springframework.context.annotation.internalCommonAnnotationProcessor,contentNegotiationManager,org.springframework.web.servlet.mvc.method.annotation.RequestMappingHandlerMapping#0,org.springframework.format.support.FormattingConversionServiceFactoryBean#0,org.springframework.web.servlet.mvc.method.annotation.RequestMappingHandlerAdapter#0,org.springframework.web.servlet.handler.MappedInterceptor#0,org.springframework.web.servlet.mvc.method.annotation.ExceptionHandlerExceptionResolver#0,org.springframework.web.servlet.mvc.annotation.ResponseStatusExceptionResolver#0,org.springframework.web.servlet.mvc.support.DefaultHandlerExceptionResolver#0,org.springframework.web.servlet.handler.BeanNameUrlHandlerMapping,org.springframework.web.servlet.mvc.HttpRequestHandlerAdapter,org.springframework.web.servlet.mvc.SimpleControllerHandlerAdapter,org.springframework.web.servlet.view.InternalResourceViewResolver#0,org.springframework.beans.factory.annotation.AutowiredAnnotationBeanPostProcessor#0,org.springframework.web.servlet.resource.DefaultServletHttpRequestHandler#0,org.springframework.web.servlet.handler.SimpleUrlHandlerMapping#0,org.springframework.context.annotation.ConfigurationClassPostProcessor.importAwareProcessor]; parent: org.springframework.beans.factory.support.DefaultListableBeanFactory@1622f1b
[INFO ] 2017-11-22 07:42:52,110 [org.springframework.web.servlet.handler.AbstractHandlerMethodMapping.registerHandlerMethod(AbstractHandlerMethodMapping.java:180)] Mapped "{[/api/v2/cron/add],methods=[POST || GET],params=[],headers=[],consumes=[],produces=[],custom=[]}" onto public java.lang.String cn.gyyx.openapi.webservice.CronWebService.addCron(java.lang.String,java.lang.String,java.lang.String,java.lang.String,java.lang.String,java.lang.String,java.lang.String,java.lang.String)
[INFO ] 2017-11-22 07:42:52,111 [org.springframework.web.servlet.handler.AbstractHandlerMethodMapping.registerHandlerMethod(AbstractHandlerMethodMapping.java:180)] Mapped "{[/api/v2/cron/start],methods=[POST || GET],params=[],headers=[],consumes=[],produces=[],custom=[]}" onto public java.lang.String cn.gyyx.openapi.webservice.CronWebService.startCron(java.lang.String)
[INFO ] 2017-11-22 07:42:52,111 [org.springframework.web.servlet.handler.AbstractHandlerMethodMapping.registerHandlerMethod(AbstractHandlerMethodMapping.java:180)] Mapped "{[/api/v2/cron/stop],methods=[POST || GET],params=[],headers=[],consumes=[],produces=[],custom=[]}" onto public java.lang.String cn.gyyx.openapi.webservice.CronWebService.stopCron(java.lang.String)
[INFO ] 2017-11-22 07:42:52,112 [org.springframework.web.servlet.handler.AbstractHandlerMethodMapping.registerHandlerMethod(AbstractHandlerMethodMapping.java:180)] Mapped "{[/api/v2/cron/delete],methods=[POST || GET],params=[],headers=[],consumes=[],produces=[],custom=[]}" onto public java.lang.String cn.gyyx.openapi.webservice.CronWebService.deleteCron(java.lang.String)
[INFO ] 2017-11-22 07:42:52,112 [org.springframework.web.servlet.handler.AbstractHandlerMethodMapping.registerHandlerMethod(AbstractHandlerMethodMapping.java:180)] Mapped "{[/api/v2/cron/detail],methods=[POST || GET],params=[],headers=[],consumes=[],produces=[],custom=[]}" onto public java.lang.String cn.gyyx.openapi.webservice.CronWebService.detailCron(java.lang.String)
[INFO ] 2017-11-22 07:42:52,114 [org.springframework.web.servlet.handler.AbstractHandlerMethodMapping.registerHandlerMethod(AbstractHandlerMethodMapping.java:180)] Mapped "{[/api/v2/info/app],methods=[POST || GET],params=[],headers=[],consumes=[],produces=[],custom=[]}" onto public java.lang.String cn.gyyx.openapi.webservice.InfoWebService.getApps(java.lang.String)
[INFO ] 2017-11-22 07:42:52,115 [org.springframework.web.servlet.handler.AbstractHandlerMethodMapping.registerHandlerMethod(AbstractHandlerMethodMapping.java:180)] Mapped "{[/api/v2/info/agents],methods=[POST || GET],params=[],headers=[],consumes=[],produces=[],custom=[]}" onto public java.lang.String cn.gyyx.openapi.webservice.InfoWebService.getAgents(java.lang.String)
[INFO ] 2017-11-22 07:42:52,115 [org.springframework.web.servlet.handler.AbstractHandlerMethodMapping.registerHandlerMethod(AbstractHandlerMethodMapping.java:180)] Mapped "{[/api/v2/info/agents/detail],methods=[POST || GET],params=[],headers=[],consumes=[],produces=[],custom=[]}" onto public java.lang.String cn.gyyx.openapi.webservice.InfoWebService.getAgentsDetail(java.lang.String,java.lang.String)
[INFO ] 2017-11-22 07:42:52,117 [org.springframework.web.servlet.handler.AbstractHandlerMethodMapping.registerHandlerMethod(AbstractHandlerMethodMapping.java:180)] Mapped "{[/api/v2/queue/commit],methods=[POST || GET],params=[],headers=[],consumes=[],produces=[],custom=[]}" onto public java.lang.String cn.gyyx.openapi.webservice.QueueWebService.commit(java.lang.String)
[INFO ] 2017-11-22 07:42:52,118 [org.springframework.web.servlet.handler.AbstractHandlerMethodMapping.registerHandlerMethod(AbstractHandlerMethodMapping.java:180)] Mapped "{[/api/v2/queue/addtask],methods=[POST || GET],params=[],headers=[],consumes=[],produces=[],custom=[]}" onto public java.lang.String cn.gyyx.openapi.webservice.QueueWebService.addTask(java.lang.String,java.lang.String,java.lang.String,java.lang.String,java.lang.String,java.lang.String,java.lang.String,java.lang.String,java.lang.String,java.lang.String)
[INFO ] 2017-11-22 07:42:52,118 [org.springframework.web.servlet.handler.AbstractHandlerMethodMapping.registerHandlerMethod(AbstractHandlerMethodMapping.java:180)] Mapped "{[/api/v2/queue/stop],methods=[POST || GET],params=[],headers=[],consumes=[],produces=[],custom=[]}" onto public java.lang.String cn.gyyx.openapi.webservice.QueueWebService.qstop(java.lang.String)
[INFO ] 2017-11-22 07:42:52,119 [org.springframework.web.servlet.handler.AbstractHandlerMethodMapping.registerHandlerMethod(AbstractHandlerMethodMapping.java:180)] Mapped "{[/api/v2/queue/qksqueue],methods=[POST || GET],params=[],headers=[],consumes=[],produces=[],custom=[]}" onto public java.lang.String cn.gyyx.openapi.webservice.QueueWebService.qksqueue(java.lang.String,java.lang.String,java.lang.String,java.lang.String,java.lang.String,java.lang.String,java.lang.String,java.lang.String)
[INFO ] 2017-11-22 07:42:52,119 [org.springframework.web.servlet.handler.AbstractHandlerMethodMapping.registerHandlerMethod(AbstractHandlerMethodMapping.java:180)] Mapped "{[/api/v2/queue/create],methods=[POST || GET],params=[],headers=[],consumes=[],produces=[],custom=[]}" onto public java.lang.String cn.gyyx.openapi.webservice.QueueWebService.create(java.lang.String)
[INFO ] 2017-11-22 07:42:52,120 [org.springframework.web.servlet.handler.AbstractHandlerMethodMapping.registerHandlerMethod(AbstractHandlerMethodMapping.java:180)] Mapped "{[/api/v2/queue/result],methods=[POST || GET],params=[],headers=[],consumes=[],produces=[],custom=[]}" onto public java.lang.String cn.gyyx.openapi.webservice.QueueWebService.result(java.lang.String)
[INFO ] 2017-11-22 07:42:52,121 [org.springframework.web.servlet.handler.AbstractHandlerMethodMapping.registerHandlerMethod(AbstractHandlerMethodMapping.java:180)] Mapped "{[/api/v2/rt/exec],methods=[POST || GET],params=[],headers=[],consumes=[],produces=[],custom=[]}" onto public java.lang.String cn.gyyx.openapi.webservice.RtWebService.execRt(javax.servlet.http.HttpServletRequest,java.lang.String,java.lang.String,java.lang.String,java.lang.String,java.lang.String,java.lang.String,java.lang.String)
[INFO ] 2017-11-22 07:42:52,494 [org.springframework.web.servlet.handler.AbstractUrlHandlerMapping.registerHandler(AbstractUrlHandlerMapping.java:315)] Mapped URL path [/**] onto handler 'org.springframework.web.servlet.resource.DefaultServletHttpRequestHandler#0'
[INFO ] 2017-11-22 07:42:52,520 [org.springframework.web.servlet.FrameworkServlet.initServletBean(FrameworkServlet.java:476)] FrameworkServlet 'web-app': initialization completed in 779 ms
[INFO ] 2017-11-22 08:35:04,083 [cn.gyyx.openapi.listener.WebContextListener.initWebApplicationContext(WebContextListener.java:29)] conf.properties path :/elves_openapi/conf/conf.properties
[INFO ] 2017-11-22 08:35:04,170 [org.springframework.web.context.ContextLoader.initWebApplicationContext(ContextLoader.java:285)] Root WebApplicationContext: initialization started
[INFO ] 2017-11-22 08:35:04,327 [org.springframework.context.support.AbstractApplicationContext.prepareRefresh(AbstractApplicationContext.java:510)] Refreshing Root WebApplicationContext: startup date [Wed Nov 22 08:35:04 UTC 2017]; root of context hierarchy
[INFO ] 2017-11-22 08:35:04,425 [org.springframework.beans.factory.xml.XmlBeanDefinitionReader.loadBeanDefinitions(XmlBeanDefinitionReader.java:315)] Loading XML bean definitions from class path resource [spring.xml]
[INFO ] 2017-11-22 08:35:04,900 [org.springframework.beans.factory.xml.XmlBeanDefinitionReader.loadBeanDefinitions(XmlBeanDefinitionReader.java:315)] Loading XML bean definitions from class path resource [rabbitmq.xml]
[INFO ] 2017-11-22 08:35:12,041 [cn.gyyx.elves.util.CustomPropertyPlaceholderConfigurer.<init>(CustomPropertyPlaceholderConfigurer.java:31)] get openapi path :/elves_openapi
[INFO ] 2017-11-22 08:35:12,042 [org.springframework.core.io.support.PropertiesLoaderSupport.loadProperties(PropertiesLoaderSupport.java:172)] Loading properties file from file [/elves_openapi/conf/conf.properties]
[INFO ] 2017-11-22 08:35:14,780 [org.springframework.beans.factory.support.DefaultListableBeanFactory.preInstantiateSingletons(DefaultListableBeanFactory.java:603)] Pre-instantiating singletons in org.springframework.beans.factory.support.DefaultListableBeanFactory@1622f1b: defining beans [messageProducer,org.springframework.context.annotation.internalConfigurationAnnotationProcessor,org.springframework.context.annotation.internalAutowiredAnnotationProcessor,org.springframework.context.annotation.internalRequiredAnnotationProcessor,org.springframework.context.annotation.internalCommonAnnotationProcessor,customConfigLoader,connectionFactory,org.springframework.amqp.rabbit.core.RabbitAdmin#0,topicTemplate,org.springframework.amqp.core.Queue#0,org.springframework.amqp.rabbit.config.BindingFactoryBean#0,org.springframework.amqp.core.TopicExchange#0,org.springframework.amqp.rabbit.listener.SimpleMessageListenerContainer#0,messageHandler,taskExecutor,org.springframework.context.annotation.ConfigurationClassPostProcessor.importAwareProcessor]; root of factory hierarchy
[INFO ] 2017-11-22 08:35:15,188 [org.springframework.scheduling.concurrent.ExecutorConfigurationSupport.initialize(ExecutorConfigurationSupport.java:154)] Initializing ExecutorService  'taskExecutor'
[INFO ] 2017-11-22 08:35:15,196 [org.springframework.context.support.DefaultLifecycleProcessor$LifecycleGroup.start(DefaultLifecycleProcessor.java:334)] Starting beans in phase 2147483647
[INFO ] 2017-11-22 08:35:16,723 [org.springframework.web.context.ContextLoader.initWebApplicationContext(ContextLoader.java:325)] Root WebApplicationContext: initialization completed in 12552 ms
[INFO ] 2017-11-22 08:35:16,845 [org.apache.curator.framework.imps.CuratorFrameworkImpl.start(CuratorFrameworkImpl.java:223)] Starting
[INFO ] 2017-11-22 08:35:16,858 [org.apache.zookeeper.Environment.logEnv(Environment.java:100)] Client environment:zookeeper.version=3.4.5-1392090, built on 09/30/2012 17:52 GMT
[INFO ] 2017-11-22 08:35:16,858 [org.apache.zookeeper.Environment.logEnv(Environment.java:100)] Client environment:host.name=a58fb49640bb
[INFO ] 2017-11-22 08:35:16,859 [org.apache.zookeeper.Environment.logEnv(Environment.java:100)] Client environment:java.version=1.8.0_111
[INFO ] 2017-11-22 08:35:16,859 [org.apache.zookeeper.Environment.logEnv(Environment.java:100)] Client environment:java.vendor=Oracle Corporation
[INFO ] 2017-11-22 08:35:16,862 [org.apache.zookeeper.Environment.logEnv(Environment.java:100)] Client environment:java.home=/usr/lib/jvm/java-8-openjdk-amd64/jre
[INFO ] 2017-11-22 08:35:16,863 [org.apache.zookeeper.Environment.logEnv(Environment.java:100)] Client environment:java.class.path=./elves-openapi-0.3.5-release.jar
[INFO ] 2017-11-22 08:35:16,863 [org.apache.zookeeper.Environment.logEnv(Environment.java:100)] Client environment:java.library.path=/usr/java/packages/lib/amd64:/usr/lib/x86_64-linux-gnu/jni:/lib/x86_64-linux-gnu:/usr/lib/x86_64-linux-gnu:/usr/lib/jni:/lib:/usr/lib
[INFO ] 2017-11-22 08:35:16,864 [org.apache.zookeeper.Environment.logEnv(Environment.java:100)] Client environment:java.io.tmpdir=/tmp
[INFO ] 2017-11-22 08:35:16,864 [org.apache.zookeeper.Environment.logEnv(Environment.java:100)] Client environment:java.compiler=<NA>
[INFO ] 2017-11-22 08:35:16,865 [org.apache.zookeeper.Environment.logEnv(Environment.java:100)] Client environment:os.name=Linux
[INFO ] 2017-11-22 08:35:16,865 [org.apache.zookeeper.Environment.logEnv(Environment.java:100)] Client environment:os.arch=amd64
[INFO ] 2017-11-22 08:35:16,865 [org.apache.zookeeper.Environment.logEnv(Environment.java:100)] Client environment:os.version=3.10.0-327.el7.x86_64
[INFO ] 2017-11-22 08:35:16,866 [org.apache.zookeeper.Environment.logEnv(Environment.java:100)] Client environment:user.name=root
[INFO ] 2017-11-22 08:35:16,866 [org.apache.zookeeper.Environment.logEnv(Environment.java:100)] Client environment:user.home=/root
[INFO ] 2017-11-22 08:35:16,867 [org.apache.zookeeper.Environment.logEnv(Environment.java:100)] Client environment:user.dir=/elves_openapi/bin
[INFO ] 2017-11-22 08:35:16,869 [org.apache.zookeeper.ZooKeeper.<init>(ZooKeeper.java:438)] Initiating client connection, connectString=zookeeper01:2181,zookeeper02:2181,zookeeper03:2181 sessionTimeout=10000 watcher=org.apache.curator.ConnectionState@2b40ff9c
[INFO ] 2017-11-22 08:35:16,917 [org.apache.zookeeper.ClientCnxn$SendThread.logStartConnect(ClientCnxn.java:966)] Opening socket connection to server zookeeper03.elves_elves_net/172.18.0.3:2181. Will not attempt to authenticate using SASL (unknown error)
[INFO ] 2017-11-22 08:35:26,768 [org.apache.zookeeper.ClientCnxn$SendThread.primeConnection(ClientCnxn.java:849)] Socket connection established to zookeeper03.elves_elves_net/172.18.0.3:2181, initiating session
[INFO ] 2017-11-22 08:35:30,490 [org.apache.zookeeper.ZooKeeper.close(ZooKeeper.java:684)] Session: 0x0 closed
[INFO ] 2017-11-22 08:35:30,490 [org.apache.zookeeper.ClientCnxn$EventThread.run(ClientCnxn.java:509)] EventThread shut down
[INFO ] 2017-11-22 08:35:30,492 [org.apache.zookeeper.ZooKeeper.<init>(ZooKeeper.java:438)] Initiating client connection, connectString=zookeeper01:2181,zookeeper02:2181,zookeeper03:2181 sessionTimeout=10000 watcher=org.apache.curator.ConnectionState@2b40ff9c
[INFO ] 2017-11-22 08:35:30,497 [org.apache.zookeeper.ClientCnxn$SendThread.logStartConnect(ClientCnxn.java:966)] Opening socket connection to server zookeeper02.elves_elves_net/172.18.0.6:2181. Will not attempt to authenticate using SASL (unknown error)
[INFO ] 2017-11-22 08:35:30,497 [org.apache.zookeeper.ClientCnxn$SendThread.primeConnection(ClientCnxn.java:849)] Socket connection established to zookeeper02.elves_elves_net/172.18.0.6:2181, initiating session
[INFO ] 2017-11-22 08:35:30,713 [org.apache.zookeeper.ClientCnxn$SendThread.onConnected(ClientCnxn.java:1207)] Session establishment complete on server zookeeper02.elves_elves_net/172.18.0.6:2181, sessionid = 0x25fe2dc8b2e0002, negotiated timeout = 10000
[INFO ] 2017-11-22 08:35:30,720 [org.apache.curator.framework.state.ConnectionStateManager.postState(ConnectionStateManager.java:194)] State change: CONNECTED
[INFO ] 2017-11-22 08:35:32,657 [cn.gyyx.openapi.listener.zookeeperEnrollListener.contextInitialized(zookeeperEnrollListener.java:52)] register zookeeper openapi node success
[INFO ] 2017-11-22 08:35:32,772 [org.springframework.web.servlet.FrameworkServlet.initServletBean(FrameworkServlet.java:457)] FrameworkServlet 'web-app': initialization started
[INFO ] 2017-11-22 08:35:32,777 [org.springframework.context.support.AbstractApplicationContext.prepareRefresh(AbstractApplicationContext.java:510)] Refreshing WebApplicationContext for namespace 'web-app-servlet': startup date [Wed Nov 22 08:35:32 UTC 2017]; parent: Root WebApplicationContext
[INFO ] 2017-11-22 08:35:32,779 [org.springframework.beans.factory.xml.XmlBeanDefinitionReader.loadBeanDefinitions(XmlBeanDefinitionReader.java:315)] Loading XML bean definitions from class path resource [spring-mvc.xml]
[INFO ] 2017-11-22 08:35:33,039 [org.springframework.beans.factory.support.DefaultListableBeanFactory.preInstantiateSingletons(DefaultListableBeanFactory.java:603)] Pre-instantiating singletons in org.springframework.beans.factory.support.DefaultListableBeanFactory@5e21e98f: defining beans [cronWebService,infoWebService,queueWebService,rtWebService,org.springframework.context.annotation.internalConfigurationAnnotationProcessor,org.springframework.context.annotation.internalAutowiredAnnotationProcessor,org.springframework.context.annotation.internalRequiredAnnotationProcessor,org.springframework.context.annotation.internalCommonAnnotationProcessor,contentNegotiationManager,org.springframework.web.servlet.mvc.method.annotation.RequestMappingHandlerMapping#0,org.springframework.format.support.FormattingConversionServiceFactoryBean#0,org.springframework.web.servlet.mvc.method.annotation.RequestMappingHandlerAdapter#0,org.springframework.web.servlet.handler.MappedInterceptor#0,org.springframework.web.servlet.mvc.method.annotation.ExceptionHandlerExceptionResolver#0,org.springframework.web.servlet.mvc.annotation.ResponseStatusExceptionResolver#0,org.springframework.web.servlet.mvc.support.DefaultHandlerExceptionResolver#0,org.springframework.web.servlet.handler.BeanNameUrlHandlerMapping,org.springframework.web.servlet.mvc.HttpRequestHandlerAdapter,org.springframework.web.servlet.mvc.SimpleControllerHandlerAdapter,org.springframework.web.servlet.view.InternalResourceViewResolver#0,org.springframework.beans.factory.annotation.AutowiredAnnotationBeanPostProcessor#0,org.springframework.web.servlet.resource.DefaultServletHttpRequestHandler#0,org.springframework.web.servlet.handler.SimpleUrlHandlerMapping#0,org.springframework.context.annotation.ConfigurationClassPostProcessor.importAwareProcessor]; parent: org.springframework.beans.factory.support.DefaultListableBeanFactory@1622f1b
[INFO ] 2017-11-22 08:35:33,144 [org.springframework.web.servlet.handler.AbstractHandlerMethodMapping.registerHandlerMethod(AbstractHandlerMethodMapping.java:180)] Mapped "{[/api/v2/cron/add],methods=[POST || GET],params=[],headers=[],consumes=[],produces=[],custom=[]}" onto public java.lang.String cn.gyyx.openapi.webservice.CronWebService.addCron(java.lang.String,java.lang.String,java.lang.String,java.lang.String,java.lang.String,java.lang.String,java.lang.String,java.lang.String)
[INFO ] 2017-11-22 08:35:33,221 [org.springframework.web.servlet.handler.AbstractHandlerMethodMapping.registerHandlerMethod(AbstractHandlerMethodMapping.java:180)] Mapped "{[/api/v2/cron/start],methods=[POST || GET],params=[],headers=[],consumes=[],produces=[],custom=[]}" onto public java.lang.String cn.gyyx.openapi.webservice.CronWebService.startCron(java.lang.String)
[INFO ] 2017-11-22 08:35:33,222 [org.springframework.web.servlet.handler.AbstractHandlerMethodMapping.registerHandlerMethod(AbstractHandlerMethodMapping.java:180)] Mapped "{[/api/v2/cron/stop],methods=[POST || GET],params=[],headers=[],consumes=[],produces=[],custom=[]}" onto public java.lang.String cn.gyyx.openapi.webservice.CronWebService.stopCron(java.lang.String)
[INFO ] 2017-11-22 08:35:33,222 [org.springframework.web.servlet.handler.AbstractHandlerMethodMapping.registerHandlerMethod(AbstractHandlerMethodMapping.java:180)] Mapped "{[/api/v2/cron/delete],methods=[POST || GET],params=[],headers=[],consumes=[],produces=[],custom=[]}" onto public java.lang.String cn.gyyx.openapi.webservice.CronWebService.deleteCron(java.lang.String)
[INFO ] 2017-11-22 08:35:33,223 [org.springframework.web.servlet.handler.AbstractHandlerMethodMapping.registerHandlerMethod(AbstractHandlerMethodMapping.java:180)] Mapped "{[/api/v2/cron/detail],methods=[POST || GET],params=[],headers=[],consumes=[],produces=[],custom=[]}" onto public java.lang.String cn.gyyx.openapi.webservice.CronWebService.detailCron(java.lang.String)
[INFO ] 2017-11-22 08:35:33,225 [org.springframework.web.servlet.handler.AbstractHandlerMethodMapping.registerHandlerMethod(AbstractHandlerMethodMapping.java:180)] Mapped "{[/api/v2/info/app],methods=[POST || GET],params=[],headers=[],consumes=[],produces=[],custom=[]}" onto public java.lang.String cn.gyyx.openapi.webservice.InfoWebService.getApps(java.lang.String)
[INFO ] 2017-11-22 08:35:33,225 [org.springframework.web.servlet.handler.AbstractHandlerMethodMapping.registerHandlerMethod(AbstractHandlerMethodMapping.java:180)] Mapped "{[/api/v2/info/agents],methods=[POST || GET],params=[],headers=[],consumes=[],produces=[],custom=[]}" onto public java.lang.String cn.gyyx.openapi.webservice.InfoWebService.getAgents(java.lang.String)
[INFO ] 2017-11-22 08:35:33,226 [org.springframework.web.servlet.handler.AbstractHandlerMethodMapping.registerHandlerMethod(AbstractHandlerMethodMapping.java:180)] Mapped "{[/api/v2/info/agents/detail],methods=[POST || GET],params=[],headers=[],consumes=[],produces=[],custom=[]}" onto public java.lang.String cn.gyyx.openapi.webservice.InfoWebService.getAgentsDetail(java.lang.String,java.lang.String)
[INFO ] 2017-11-22 08:35:33,228 [org.springframework.web.servlet.handler.AbstractHandlerMethodMapping.registerHandlerMethod(AbstractHandlerMethodMapping.java:180)] Mapped "{[/api/v2/queue/commit],methods=[POST || GET],params=[],headers=[],consumes=[],produces=[],custom=[]}" onto public java.lang.String cn.gyyx.openapi.webservice.QueueWebService.commit(java.lang.String)
[INFO ] 2017-11-22 08:35:33,229 [org.springframework.web.servlet.handler.AbstractHandlerMethodMapping.registerHandlerMethod(AbstractHandlerMethodMapping.java:180)] Mapped "{[/api/v2/queue/addtask],methods=[POST || GET],params=[],headers=[],consumes=[],produces=[],custom=[]}" onto public java.lang.String cn.gyyx.openapi.webservice.QueueWebService.addTask(java.lang.String,java.lang.String,java.lang.String,java.lang.String,java.lang.String,java.lang.String,java.lang.String,java.lang.String,java.lang.String,java.lang.String)
[INFO ] 2017-11-22 08:35:33,229 [org.springframework.web.servlet.handler.AbstractHandlerMethodMapping.registerHandlerMethod(AbstractHandlerMethodMapping.java:180)] Mapped "{[/api/v2/queue/qksqueue],methods=[POST || GET],params=[],headers=[],consumes=[],produces=[],custom=[]}" onto public java.lang.String cn.gyyx.openapi.webservice.QueueWebService.qksqueue(java.lang.String,java.lang.String,java.lang.String,java.lang.String,java.lang.String,java.lang.String,java.lang.String,java.lang.String)
[INFO ] 2017-11-22 08:35:33,230 [org.springframework.web.servlet.handler.AbstractHandlerMethodMapping.registerHandlerMethod(AbstractHandlerMethodMapping.java:180)] Mapped "{[/api/v2/queue/stop],methods=[POST || GET],params=[],headers=[],consumes=[],produces=[],custom=[]}" onto public java.lang.String cn.gyyx.openapi.webservice.QueueWebService.qstop(java.lang.String)
[INFO ] 2017-11-22 08:35:33,230 [org.springframework.web.servlet.handler.AbstractHandlerMethodMapping.registerHandlerMethod(AbstractHandlerMethodMapping.java:180)] Mapped "{[/api/v2/queue/create],methods=[POST || GET],params=[],headers=[],consumes=[],produces=[],custom=[]}" onto public java.lang.String cn.gyyx.openapi.webservice.QueueWebService.create(java.lang.String)
[INFO ] 2017-11-22 08:35:33,230 [org.springframework.web.servlet.handler.AbstractHandlerMethodMapping.registerHandlerMethod(AbstractHandlerMethodMapping.java:180)] Mapped "{[/api/v2/queue/result],methods=[POST || GET],params=[],headers=[],consumes=[],produces=[],custom=[]}" onto public java.lang.String cn.gyyx.openapi.webservice.QueueWebService.result(java.lang.String)
[INFO ] 2017-11-22 08:35:33,231 [org.springframework.web.servlet.handler.AbstractHandlerMethodMapping.registerHandlerMethod(AbstractHandlerMethodMapping.java:180)] Mapped "{[/api/v2/rt/exec],methods=[POST || GET],params=[],headers=[],consumes=[],produces=[],custom=[]}" onto public java.lang.String cn.gyyx.openapi.webservice.RtWebService.execRt(javax.servlet.http.HttpServletRequest,java.lang.String,java.lang.String,java.lang.String,java.lang.String,java.lang.String,java.lang.String,java.lang.String)
[INFO ] 2017-11-22 08:35:37,329 [org.springframework.web.servlet.handler.AbstractUrlHandlerMapping.registerHandler(AbstractUrlHandlerMapping.java:315)] Mapped URL path [/**] onto handler 'org.springframework.web.servlet.resource.DefaultServletHttpRequestHandler#0'
[INFO ] 2017-11-22 08:35:37,361 [org.springframework.web.servlet.FrameworkServlet.initServletBean(FrameworkServlet.java:476)] FrameworkServlet 'web-app': initialization completed in 4588 ms
[INFO ] 2017-11-22 09:03:46,225 [cn.gyyx.openapi.listener.WebContextListener.initWebApplicationContext(WebContextListener.java:29)] conf.properties path :/elves_openapi/conf/conf.properties
[INFO ] 2017-11-22 09:03:46,296 [org.springframework.web.context.ContextLoader.initWebApplicationContext(ContextLoader.java:285)] Root WebApplicationContext: initialization started
[INFO ] 2017-11-22 09:03:46,459 [org.springframework.context.support.AbstractApplicationContext.prepareRefresh(AbstractApplicationContext.java:510)] Refreshing Root WebApplicationContext: startup date [Wed Nov 22 09:03:46 UTC 2017]; root of context hierarchy
[INFO ] 2017-11-22 09:03:46,571 [org.springframework.beans.factory.xml.XmlBeanDefinitionReader.loadBeanDefinitions(XmlBeanDefinitionReader.java:315)] Loading XML bean definitions from class path resource [spring.xml]
[INFO ] 2017-11-22 09:03:47,057 [org.springframework.beans.factory.xml.XmlBeanDefinitionReader.loadBeanDefinitions(XmlBeanDefinitionReader.java:315)] Loading XML bean definitions from class path resource [rabbitmq.xml]
[INFO ] 2017-11-22 09:03:47,473 [cn.gyyx.elves.util.CustomPropertyPlaceholderConfigurer.<init>(CustomPropertyPlaceholderConfigurer.java:31)] get openapi path :/elves_openapi
[INFO ] 2017-11-22 09:03:47,474 [org.springframework.core.io.support.PropertiesLoaderSupport.loadProperties(PropertiesLoaderSupport.java:172)] Loading properties file from file [/elves_openapi/conf/conf.properties]
[INFO ] 2017-11-22 09:03:47,519 [org.springframework.beans.factory.support.DefaultListableBeanFactory.preInstantiateSingletons(DefaultListableBeanFactory.java:603)] Pre-instantiating singletons in org.springframework.beans.factory.support.DefaultListableBeanFactory@1622f1b: defining beans [messageProducer,org.springframework.context.annotation.internalConfigurationAnnotationProcessor,org.springframework.context.annotation.internalAutowiredAnnotationProcessor,org.springframework.context.annotation.internalRequiredAnnotationProcessor,org.springframework.context.annotation.internalCommonAnnotationProcessor,customConfigLoader,connectionFactory,org.springframework.amqp.rabbit.core.RabbitAdmin#0,topicTemplate,org.springframework.amqp.core.Queue#0,org.springframework.amqp.rabbit.config.BindingFactoryBean#0,org.springframework.amqp.core.TopicExchange#0,org.springframework.amqp.rabbit.listener.SimpleMessageListenerContainer#0,messageHandler,taskExecutor,org.springframework.context.annotation.ConfigurationClassPostProcessor.importAwareProcessor]; root of factory hierarchy
[INFO ] 2017-11-22 09:03:48,251 [org.springframework.scheduling.concurrent.ExecutorConfigurationSupport.initialize(ExecutorConfigurationSupport.java:154)] Initializing ExecutorService  'taskExecutor'
[INFO ] 2017-11-22 09:03:48,261 [org.springframework.context.support.DefaultLifecycleProcessor$LifecycleGroup.start(DefaultLifecycleProcessor.java:334)] Starting beans in phase 2147483647
[INFO ] 2017-11-22 09:03:48,394 [org.springframework.web.context.ContextLoader.initWebApplicationContext(ContextLoader.java:325)] Root WebApplicationContext: initialization completed in 2097 ms
[INFO ] 2017-11-22 09:03:48,546 [org.apache.curator.framework.imps.CuratorFrameworkImpl.start(CuratorFrameworkImpl.java:223)] Starting
[INFO ] 2017-11-22 09:03:48,561 [org.apache.zookeeper.Environment.logEnv(Environment.java:100)] Client environment:zookeeper.version=3.4.5-1392090, built on 09/30/2012 17:52 GMT
[INFO ] 2017-11-22 09:03:48,561 [org.apache.zookeeper.Environment.logEnv(Environment.java:100)] Client environment:host.name=5880c4d06611
[INFO ] 2017-11-22 09:03:48,562 [org.apache.zookeeper.Environment.logEnv(Environment.java:100)] Client environment:java.version=1.8.0_111
[INFO ] 2017-11-22 09:03:48,562 [org.apache.zookeeper.Environment.logEnv(Environment.java:100)] Client environment:java.vendor=Oracle Corporation
[INFO ] 2017-11-22 09:03:48,566 [org.apache.zookeeper.Environment.logEnv(Environment.java:100)] Client environment:java.home=/usr/lib/jvm/java-8-openjdk-amd64/jre
[INFO ] 2017-11-22 09:03:48,567 [org.apache.zookeeper.Environment.logEnv(Environment.java:100)] Client environment:java.class.path=./elves-openapi-0.3.5-release.jar
[INFO ] 2017-11-22 09:03:48,567 [org.apache.zookeeper.Environment.logEnv(Environment.java:100)] Client environment:java.library.path=/usr/java/packages/lib/amd64:/usr/lib/x86_64-linux-gnu/jni:/lib/x86_64-linux-gnu:/usr/lib/x86_64-linux-gnu:/usr/lib/jni:/lib:/usr/lib
[INFO ] 2017-11-22 09:03:48,568 [org.apache.zookeeper.Environment.logEnv(Environment.java:100)] Client environment:java.io.tmpdir=/tmp
[INFO ] 2017-11-22 09:03:48,568 [org.apache.zookeeper.Environment.logEnv(Environment.java:100)] Client environment:java.compiler=<NA>
[INFO ] 2017-11-22 09:03:48,569 [org.apache.zookeeper.Environment.logEnv(Environment.java:100)] Client environment:os.name=Linux
[INFO ] 2017-11-22 09:03:48,569 [org.apache.zookeeper.Environment.logEnv(Environment.java:100)] Client environment:os.arch=amd64
[INFO ] 2017-11-22 09:03:48,570 [org.apache.zookeeper.Environment.logEnv(Environment.java:100)] Client environment:os.version=3.10.0-327.el7.x86_64
[INFO ] 2017-11-22 09:03:48,570 [org.apache.zookeeper.Environment.logEnv(Environment.java:100)] Client environment:user.name=root
[INFO ] 2017-11-22 09:03:48,571 [org.apache.zookeeper.Environment.logEnv(Environment.java:100)] Client environment:user.home=/root
[INFO ] 2017-11-22 09:03:48,571 [org.apache.zookeeper.Environment.logEnv(Environment.java:100)] Client environment:user.dir=/elves_openapi/bin
[INFO ] 2017-11-22 09:03:48,573 [org.apache.zookeeper.ZooKeeper.<init>(ZooKeeper.java:438)] Initiating client connection, connectString=zookeeper01:2181,zookeeper02:2181,zookeeper03:2181 sessionTimeout=10000 watcher=org.apache.curator.ConnectionState@3e08ff24
[INFO ] 2017-11-22 09:03:48,657 [org.apache.zookeeper.ClientCnxn$SendThread.logStartConnect(ClientCnxn.java:966)] Opening socket connection to server zookeeper03.elves_elves_net/172.18.0.2:2181. Will not attempt to authenticate using SASL (unknown error)
[INFO ] 2017-11-22 09:03:48,914 [org.apache.zookeeper.ClientCnxn$SendThread.primeConnection(ClientCnxn.java:849)] Socket connection established to zookeeper03.elves_elves_net/172.18.0.2:2181, initiating session
[INFO ] 2017-11-22 09:03:48,975 [org.apache.zookeeper.ClientCnxn$SendThread.onConnected(ClientCnxn.java:1207)] Session establishment complete on server zookeeper03.elves_elves_net/172.18.0.2:2181, sessionid = 0x35fe2f5cae10000, negotiated timeout = 10000
[INFO ] 2017-11-22 09:03:48,989 [org.apache.curator.framework.state.ConnectionStateManager.postState(ConnectionStateManager.java:194)] State change: CONNECTED
[INFO ] 2017-11-22 09:03:49,418 [cn.gyyx.openapi.listener.zookeeperEnrollListener.contextInitialized(zookeeperEnrollListener.java:52)] register zookeeper openapi node success
[INFO ] 2017-11-22 09:03:49,536 [org.springframework.web.servlet.FrameworkServlet.initServletBean(FrameworkServlet.java:457)] FrameworkServlet 'web-app': initialization started
[INFO ] 2017-11-22 09:03:49,542 [org.springframework.context.support.AbstractApplicationContext.prepareRefresh(AbstractApplicationContext.java:510)] Refreshing WebApplicationContext for namespace 'web-app-servlet': startup date [Wed Nov 22 09:03:49 UTC 2017]; parent: Root WebApplicationContext
[INFO ] 2017-11-22 09:03:49,544 [org.springframework.beans.factory.xml.XmlBeanDefinitionReader.loadBeanDefinitions(XmlBeanDefinitionReader.java:315)] Loading XML bean definitions from class path resource [spring-mvc.xml]
[INFO ] 2017-11-22 09:03:49,854 [org.springframework.beans.factory.support.DefaultListableBeanFactory.preInstantiateSingletons(DefaultListableBeanFactory.java:603)] Pre-instantiating singletons in org.springframework.beans.factory.support.DefaultListableBeanFactory@239105a8: defining beans [cronWebService,infoWebService,queueWebService,rtWebService,org.springframework.context.annotation.internalConfigurationAnnotationProcessor,org.springframework.context.annotation.internalAutowiredAnnotationProcessor,org.springframework.context.annotation.internalRequiredAnnotationProcessor,org.springframework.context.annotation.internalCommonAnnotationProcessor,contentNegotiationManager,org.springframework.web.servlet.mvc.method.annotation.RequestMappingHandlerMapping#0,org.springframework.format.support.FormattingConversionServiceFactoryBean#0,org.springframework.web.servlet.mvc.method.annotation.RequestMappingHandlerAdapter#0,org.springframework.web.servlet.handler.MappedInterceptor#0,org.springframework.web.servlet.mvc.method.annotation.ExceptionHandlerExceptionResolver#0,org.springframework.web.servlet.mvc.annotation.ResponseStatusExceptionResolver#0,org.springframework.web.servlet.mvc.support.DefaultHandlerExceptionResolver#0,org.springframework.web.servlet.handler.BeanNameUrlHandlerMapping,org.springframework.web.servlet.mvc.HttpRequestHandlerAdapter,org.springframework.web.servlet.mvc.SimpleControllerHandlerAdapter,org.springframework.web.servlet.view.InternalResourceViewResolver#0,org.springframework.beans.factory.annotation.AutowiredAnnotationBeanPostProcessor#0,org.springframework.web.servlet.resource.DefaultServletHttpRequestHandler#0,org.springframework.web.servlet.handler.SimpleUrlHandlerMapping#0,org.springframework.context.annotation.ConfigurationClassPostProcessor.importAwareProcessor]; parent: org.springframework.beans.factory.support.DefaultListableBeanFactory@1622f1b
[INFO ] 2017-11-22 09:03:49,983 [org.springframework.web.servlet.handler.AbstractHandlerMethodMapping.registerHandlerMethod(AbstractHandlerMethodMapping.java:180)] Mapped "{[/api/v2/cron/add],methods=[POST || GET],params=[],headers=[],consumes=[],produces=[],custom=[]}" onto public java.lang.String cn.gyyx.openapi.webservice.CronWebService.addCron(java.lang.String,java.lang.String,java.lang.String,java.lang.String,java.lang.String,java.lang.String,java.lang.String,java.lang.String)
[INFO ] 2017-11-22 09:03:49,984 [org.springframework.web.servlet.handler.AbstractHandlerMethodMapping.registerHandlerMethod(AbstractHandlerMethodMapping.java:180)] Mapped "{[/api/v2/cron/start],methods=[POST || GET],params=[],headers=[],consumes=[],produces=[],custom=[]}" onto public java.lang.String cn.gyyx.openapi.webservice.CronWebService.startCron(java.lang.String)
[INFO ] 2017-11-22 09:03:49,985 [org.springframework.web.servlet.handler.AbstractHandlerMethodMapping.registerHandlerMethod(AbstractHandlerMethodMapping.java:180)] Mapped "{[/api/v2/cron/stop],methods=[POST || GET],params=[],headers=[],consumes=[],produces=[],custom=[]}" onto public java.lang.String cn.gyyx.openapi.webservice.CronWebService.stopCron(java.lang.String)
[INFO ] 2017-11-22 09:03:49,985 [org.springframework.web.servlet.handler.AbstractHandlerMethodMapping.registerHandlerMethod(AbstractHandlerMethodMapping.java:180)] Mapped "{[/api/v2/cron/delete],methods=[POST || GET],params=[],headers=[],consumes=[],produces=[],custom=[]}" onto public java.lang.String cn.gyyx.openapi.webservice.CronWebService.deleteCron(java.lang.String)
[INFO ] 2017-11-22 09:03:49,986 [org.springframework.web.servlet.handler.AbstractHandlerMethodMapping.registerHandlerMethod(AbstractHandlerMethodMapping.java:180)] Mapped "{[/api/v2/cron/detail],methods=[POST || GET],params=[],headers=[],consumes=[],produces=[],custom=[]}" onto public java.lang.String cn.gyyx.openapi.webservice.CronWebService.detailCron(java.lang.String)
[INFO ] 2017-11-22 09:03:49,988 [org.springframework.web.servlet.handler.AbstractHandlerMethodMapping.registerHandlerMethod(AbstractHandlerMethodMapping.java:180)] Mapped "{[/api/v2/info/agents/detail],methods=[POST || GET],params=[],headers=[],consumes=[],produces=[],custom=[]}" onto public java.lang.String cn.gyyx.openapi.webservice.InfoWebService.getAgentsDetail(java.lang.String,java.lang.String)
[INFO ] 2017-11-22 09:03:49,988 [org.springframework.web.servlet.handler.AbstractHandlerMethodMapping.registerHandlerMethod(AbstractHandlerMethodMapping.java:180)] Mapped "{[/api/v2/info/agents],methods=[POST || GET],params=[],headers=[],consumes=[],produces=[],custom=[]}" onto public java.lang.String cn.gyyx.openapi.webservice.InfoWebService.getAgents(java.lang.String)
[INFO ] 2017-11-22 09:03:49,989 [org.springframework.web.servlet.handler.AbstractHandlerMethodMapping.registerHandlerMethod(AbstractHandlerMethodMapping.java:180)] Mapped "{[/api/v2/info/app],methods=[POST || GET],params=[],headers=[],consumes=[],produces=[],custom=[]}" onto public java.lang.String cn.gyyx.openapi.webservice.InfoWebService.getApps(java.lang.String)
[INFO ] 2017-11-22 09:03:49,991 [org.springframework.web.servlet.handler.AbstractHandlerMethodMapping.registerHandlerMethod(AbstractHandlerMethodMapping.java:180)] Mapped "{[/api/v2/queue/addtask],methods=[POST || GET],params=[],headers=[],consumes=[],produces=[],custom=[]}" onto public java.lang.String cn.gyyx.openapi.webservice.QueueWebService.addTask(java.lang.String,java.lang.String,java.lang.String,java.lang.String,java.lang.String,java.lang.String,java.lang.String,java.lang.String,java.lang.String,java.lang.String)
[INFO ] 2017-11-22 09:03:49,991 [org.springframework.web.servlet.handler.AbstractHandlerMethodMapping.registerHandlerMethod(AbstractHandlerMethodMapping.java:180)] Mapped "{[/api/v2/queue/stop],methods=[POST || GET],params=[],headers=[],consumes=[],produces=[],custom=[]}" onto public java.lang.String cn.gyyx.openapi.webservice.QueueWebService.qstop(java.lang.String)
[INFO ] 2017-11-22 09:03:49,992 [org.springframework.web.servlet.handler.AbstractHandlerMethodMapping.registerHandlerMethod(AbstractHandlerMethodMapping.java:180)] Mapped "{[/api/v2/queue/qksqueue],methods=[POST || GET],params=[],headers=[],consumes=[],produces=[],custom=[]}" onto public java.lang.String cn.gyyx.openapi.webservice.QueueWebService.qksqueue(java.lang.String,java.lang.String,java.lang.String,java.lang.String,java.lang.String,java.lang.String,java.lang.String,java.lang.String)
[INFO ] 2017-11-22 09:03:49,992 [org.springframework.web.servlet.handler.AbstractHandlerMethodMapping.registerHandlerMethod(AbstractHandlerMethodMapping.java:180)] Mapped "{[/api/v2/queue/commit],methods=[POST || GET],params=[],headers=[],consumes=[],produces=[],custom=[]}" onto public java.lang.String cn.gyyx.openapi.webservice.QueueWebService.commit(java.lang.String)
[INFO ] 2017-11-22 09:03:49,993 [org.springframework.web.servlet.handler.AbstractHandlerMethodMapping.registerHandlerMethod(AbstractHandlerMethodMapping.java:180)] Mapped "{[/api/v2/queue/create],methods=[POST || GET],params=[],headers=[],consumes=[],produces=[],custom=[]}" onto public java.lang.String cn.gyyx.openapi.webservice.QueueWebService.create(java.lang.String)
[INFO ] 2017-11-22 09:03:49,993 [org.springframework.web.servlet.handler.AbstractHandlerMethodMapping.registerHandlerMethod(AbstractHandlerMethodMapping.java:180)] Mapped "{[/api/v2/queue/result],methods=[POST || GET],params=[],headers=[],consumes=[],produces=[],custom=[]}" onto public java.lang.String cn.gyyx.openapi.webservice.QueueWebService.result(java.lang.String)
[INFO ] 2017-11-22 09:03:49,994 [org.springframework.web.servlet.handler.AbstractHandlerMethodMapping.registerHandlerMethod(AbstractHandlerMethodMapping.java:180)] Mapped "{[/api/v2/rt/exec],methods=[POST || GET],params=[],headers=[],consumes=[],produces=[],custom=[]}" onto public java.lang.String cn.gyyx.openapi.webservice.RtWebService.execRt(javax.servlet.http.HttpServletRequest,java.lang.String,java.lang.String,java.lang.String,java.lang.String,java.lang.String,java.lang.String,java.lang.String)
[INFO ] 2017-11-22 09:03:50,545 [org.springframework.web.servlet.handler.AbstractUrlHandlerMapping.registerHandler(AbstractUrlHandlerMapping.java:315)] Mapped URL path [/**] onto handler 'org.springframework.web.servlet.resource.DefaultServletHttpRequestHandler#0'
[INFO ] 2017-11-22 09:03:50,741 [org.springframework.web.servlet.FrameworkServlet.initServletBean(FrameworkServlet.java:476)] FrameworkServlet 'web-app': initialization completed in 1204 ms
[INFO ] 2017-11-22 09:03:53,382 [org.springframework.amqp.rabbit.listener.SimpleMessageListenerContainer$AsyncMessageProcessingConsumer.run(SimpleMessageListenerContainer.java:1154)] Restarting Consumer: tags=[[]], channel=null, acknowledgeMode=AUTO local queue size=0
[INFO ] 2017-11-22 09:03:53,406 [org.springframework.amqp.rabbit.listener.SimpleMessageListenerContainer$AsyncMessageProcessingConsumer.run(SimpleMessageListenerContainer.java:1154)] Restarting Consumer: tags=[[]], channel=null, acknowledgeMode=AUTO local queue size=0
[INFO ] 2017-11-22 09:03:53,407 [org.springframework.amqp.rabbit.listener.SimpleMessageListenerContainer$AsyncMessageProcessingConsumer.run(SimpleMessageListenerContainer.java:1154)] Restarting Consumer: tags=[[]], channel=null, acknowledgeMode=AUTO local queue size=0
[INFO ] 2017-11-22 09:03:53,406 [org.springframework.amqp.rabbit.listener.SimpleMessageListenerContainer$AsyncMessageProcessingConsumer.run(SimpleMessageListenerContainer.java:1154)] Restarting Consumer: tags=[[]], channel=null, acknowledgeMode=AUTO local queue size=0
[INFO ] 2017-11-22 09:03:53,408 [org.springframework.amqp.rabbit.listener.SimpleMessageListenerContainer$AsyncMessageProcessingConsumer.run(SimpleMessageListenerContainer.java:1154)] Restarting Consumer: tags=[[]], channel=null, acknowledgeMode=AUTO local queue size=0
[INFO ] 2017-11-22 09:03:58,408 [org.springframework.amqp.rabbit.listener.SimpleMessageListenerContainer$AsyncMessageProcessingConsumer.run(SimpleMessageListenerContainer.java:1154)] Restarting Consumer: tags=[[]], channel=null, acknowledgeMode=AUTO local queue size=0
[INFO ] 2017-11-22 09:03:58,413 [org.springframework.amqp.rabbit.listener.SimpleMessageListenerContainer$AsyncMessageProcessingConsumer.run(SimpleMessageListenerContainer.java:1154)] Restarting Consumer: tags=[[]], channel=null, acknowledgeMode=AUTO local queue size=0
[INFO ] 2017-11-22 09:03:58,416 [org.springframework.amqp.rabbit.listener.SimpleMessageListenerContainer$AsyncMessageProcessingConsumer.run(SimpleMessageListenerContainer.java:1154)] Restarting Consumer: tags=[[]], channel=null, acknowledgeMode=AUTO local queue size=0
[INFO ] 2017-11-22 09:03:58,416 [org.springframework.amqp.rabbit.listener.SimpleMessageListenerContainer$AsyncMessageProcessingConsumer.run(SimpleMessageListenerContainer.java:1154)] Restarting Consumer: tags=[[]], channel=null, acknowledgeMode=AUTO local queue size=0
[INFO ] 2017-11-22 09:03:58,418 [org.springframework.amqp.rabbit.listener.SimpleMessageListenerContainer$AsyncMessageProcessingConsumer.run(SimpleMessageListenerContainer.java:1154)] Restarting Consumer: tags=[[]], channel=null, acknowledgeMode=AUTO local queue size=0
[INFO ] 2017-11-22 09:04:03,417 [org.springframework.amqp.rabbit.listener.SimpleMessageListenerContainer$AsyncMessageProcessingConsumer.run(SimpleMessageListenerContainer.java:1154)] Restarting Consumer: tags=[[]], channel=null, acknowledgeMode=AUTO local queue size=0
[INFO ] 2017-11-22 09:04:03,839 [org.springframework.amqp.rabbit.listener.SimpleMessageListenerContainer$AsyncMessageProcessingConsumer.run(SimpleMessageListenerContainer.java:1154)] Restarting Consumer: tags=[[]], channel=null, acknowledgeMode=AUTO local queue size=0
[INFO ] 2017-11-22 09:04:03,842 [org.springframework.amqp.rabbit.listener.SimpleMessageListenerContainer$AsyncMessageProcessingConsumer.run(SimpleMessageListenerContainer.java:1154)] Restarting Consumer: tags=[[]], channel=null, acknowledgeMode=AUTO local queue size=0
[INFO ] 2017-11-22 09:04:03,841 [org.springframework.amqp.rabbit.listener.SimpleMessageListenerContainer$AsyncMessageProcessingConsumer.run(SimpleMessageListenerContainer.java:1154)] Restarting Consumer: tags=[[]], channel=null, acknowledgeMode=AUTO local queue size=0
[INFO ] 2017-11-22 09:04:03,843 [org.springframework.amqp.rabbit.listener.SimpleMessageListenerContainer$AsyncMessageProcessingConsumer.run(SimpleMessageListenerContainer.java:1154)] Restarting Consumer: tags=[[]], channel=null, acknowledgeMode=AUTO local queue size=0
[INFO ] 2017-11-22 09:04:08,845 [org.springframework.amqp.rabbit.listener.SimpleMessageListenerContainer$AsyncMessageProcessingConsumer.run(SimpleMessageListenerContainer.java:1154)] Restarting Consumer: tags=[[]], channel=null, acknowledgeMode=AUTO local queue size=0
[INFO ] 2017-11-22 09:04:08,846 [org.springframework.amqp.rabbit.listener.SimpleMessageListenerContainer$AsyncMessageProcessingConsumer.run(SimpleMessageListenerContainer.java:1154)] Restarting Consumer: tags=[[]], channel=null, acknowledgeMode=AUTO local queue size=0
[INFO ] 2017-11-22 09:04:08,848 [org.springframework.amqp.rabbit.listener.SimpleMessageListenerContainer$AsyncMessageProcessingConsumer.run(SimpleMessageListenerContainer.java:1154)] Restarting Consumer: tags=[[]], channel=null, acknowledgeMode=AUTO local queue size=0
[INFO ] 2017-11-22 09:04:08,850 [org.springframework.amqp.rabbit.listener.SimpleMessageListenerContainer$AsyncMessageProcessingConsumer.run(SimpleMessageListenerContainer.java:1154)] Restarting Consumer: tags=[[]], channel=null, acknowledgeMode=AUTO local queue size=0
[INFO ] 2017-11-22 09:04:08,851 [org.springframework.amqp.rabbit.listener.SimpleMessageListenerContainer$AsyncMessageProcessingConsumer.run(SimpleMessageListenerContainer.java:1154)] Restarting Consumer: tags=[[]], channel=null, acknowledgeMode=AUTO local queue size=0
[INFO ] 2017-11-22 12:10:30,888 [cn.gyyx.openapi.listener.WebContextListener.initWebApplicationContext(WebContextListener.java:29)] conf.properties path :/elves_openapi/conf/conf.properties
[INFO ] 2017-11-22 12:10:30,932 [org.springframework.web.context.ContextLoader.initWebApplicationContext(ContextLoader.java:285)] Root WebApplicationContext: initialization started
[INFO ] 2017-11-22 12:10:31,161 [org.springframework.context.support.AbstractApplicationContext.prepareRefresh(AbstractApplicationContext.java:510)] Refreshing Root WebApplicationContext: startup date [Wed Nov 22 12:10:31 UTC 2017]; root of context hierarchy
[INFO ] 2017-11-22 12:10:31,283 [org.springframework.beans.factory.xml.XmlBeanDefinitionReader.loadBeanDefinitions(XmlBeanDefinitionReader.java:315)] Loading XML bean definitions from class path resource [spring.xml]
[INFO ] 2017-11-22 12:10:31,781 [org.springframework.beans.factory.xml.XmlBeanDefinitionReader.loadBeanDefinitions(XmlBeanDefinitionReader.java:315)] Loading XML bean definitions from class path resource [rabbitmq.xml]
[INFO ] 2017-11-22 12:10:32,037 [cn.gyyx.elves.util.CustomPropertyPlaceholderConfigurer.<init>(CustomPropertyPlaceholderConfigurer.java:31)] get openapi path :/elves_openapi
[INFO ] 2017-11-22 12:10:32,038 [org.springframework.core.io.support.PropertiesLoaderSupport.loadProperties(PropertiesLoaderSupport.java:172)] Loading properties file from file [/elves_openapi/conf/conf.properties]
[INFO ] 2017-11-22 12:10:32,080 [org.springframework.beans.factory.support.DefaultListableBeanFactory.preInstantiateSingletons(DefaultListableBeanFactory.java:603)] Pre-instantiating singletons in org.springframework.beans.factory.support.DefaultListableBeanFactory@1622f1b: defining beans [messageProducer,org.springframework.context.annotation.internalConfigurationAnnotationProcessor,org.springframework.context.annotation.internalAutowiredAnnotationProcessor,org.springframework.context.annotation.internalRequiredAnnotationProcessor,org.springframework.context.annotation.internalCommonAnnotationProcessor,customConfigLoader,connectionFactory,org.springframework.amqp.rabbit.core.RabbitAdmin#0,topicTemplate,org.springframework.amqp.core.Queue#0,org.springframework.amqp.rabbit.config.BindingFactoryBean#0,org.springframework.amqp.core.TopicExchange#0,org.springframework.amqp.rabbit.listener.SimpleMessageListenerContainer#0,messageHandler,taskExecutor,org.springframework.context.annotation.ConfigurationClassPostProcessor.importAwareProcessor]; root of factory hierarchy
[INFO ] 2017-11-22 12:10:32,392 [org.springframework.scheduling.concurrent.ExecutorConfigurationSupport.initialize(ExecutorConfigurationSupport.java:154)] Initializing ExecutorService  'taskExecutor'
[INFO ] 2017-11-22 12:10:32,398 [org.springframework.context.support.DefaultLifecycleProcessor$LifecycleGroup.start(DefaultLifecycleProcessor.java:334)] Starting beans in phase 2147483647
[INFO ] 2017-11-22 12:10:32,960 [org.springframework.web.context.ContextLoader.initWebApplicationContext(ContextLoader.java:325)] Root WebApplicationContext: initialization completed in 2027 ms
[INFO ] 2017-11-22 12:10:33,093 [org.apache.curator.framework.imps.CuratorFrameworkImpl.start(CuratorFrameworkImpl.java:223)] Starting
[INFO ] 2017-11-22 12:10:33,230 [org.apache.zookeeper.Environment.logEnv(Environment.java:100)] Client environment:zookeeper.version=3.4.5-1392090, built on 09/30/2012 17:52 GMT
[INFO ] 2017-11-22 12:10:33,230 [org.apache.zookeeper.Environment.logEnv(Environment.java:100)] Client environment:host.name=513ebaad354b
[INFO ] 2017-11-22 12:10:33,231 [org.apache.zookeeper.Environment.logEnv(Environment.java:100)] Client environment:java.version=1.8.0_111
[INFO ] 2017-11-22 12:10:33,231 [org.apache.zookeeper.Environment.logEnv(Environment.java:100)] Client environment:java.vendor=Oracle Corporation
[INFO ] 2017-11-22 12:10:33,233 [org.apache.zookeeper.Environment.logEnv(Environment.java:100)] Client environment:java.home=/usr/lib/jvm/java-8-openjdk-amd64/jre
[INFO ] 2017-11-22 12:10:33,234 [org.apache.zookeeper.Environment.logEnv(Environment.java:100)] Client environment:java.class.path=./elves-openapi-0.3.5-release.jar
[INFO ] 2017-11-22 12:10:33,234 [org.apache.zookeeper.Environment.logEnv(Environment.java:100)] Client environment:java.library.path=/usr/java/packages/lib/amd64:/usr/lib/x86_64-linux-gnu/jni:/lib/x86_64-linux-gnu:/usr/lib/x86_64-linux-gnu:/usr/lib/jni:/lib:/usr/lib
[INFO ] 2017-11-22 12:10:33,234 [org.apache.zookeeper.Environment.logEnv(Environment.java:100)] Client environment:java.io.tmpdir=/tmp
[INFO ] 2017-11-22 12:10:33,235 [org.apache.zookeeper.Environment.logEnv(Environment.java:100)] Client environment:java.compiler=<NA>
[INFO ] 2017-11-22 12:10:33,235 [org.apache.zookeeper.Environment.logEnv(Environment.java:100)] Client environment:os.name=Linux
[INFO ] 2017-11-22 12:10:33,235 [org.apache.zookeeper.Environment.logEnv(Environment.java:100)] Client environment:os.arch=amd64
[INFO ] 2017-11-22 12:10:33,236 [org.apache.zookeeper.Environment.logEnv(Environment.java:100)] Client environment:os.version=3.10.0-327.el7.x86_64
[INFO ] 2017-11-22 12:10:33,236 [org.apache.zookeeper.Environment.logEnv(Environment.java:100)] Client environment:user.name=root
[INFO ] 2017-11-22 12:10:33,236 [org.apache.zookeeper.Environment.logEnv(Environment.java:100)] Client environment:user.home=/root
[INFO ] 2017-11-22 12:10:33,236 [org.apache.zookeeper.Environment.logEnv(Environment.java:100)] Client environment:user.dir=/elves_openapi/bin
[INFO ] 2017-11-22 12:10:33,238 [org.apache.zookeeper.ZooKeeper.<init>(ZooKeeper.java:438)] Initiating client connection, connectString=zookeeper01:2181,zookeeper02:2181,zookeeper03:2181 sessionTimeout=10000 watcher=org.apache.curator.ConnectionState@2b40ff9c
[INFO ] 2017-11-22 12:10:33,276 [org.apache.zookeeper.ClientCnxn$SendThread.logStartConnect(ClientCnxn.java:966)] Opening socket connection to server zookeeper02.elves_elves_net/172.18.0.5:2181. Will not attempt to authenticate using SASL (unknown error)
[INFO ] 2017-11-22 12:10:33,915 [org.apache.zookeeper.ClientCnxn$SendThread.primeConnection(ClientCnxn.java:849)] Socket connection established to zookeeper02.elves_elves_net/172.18.0.5:2181, initiating session
[INFO ] 2017-11-22 12:10:34,031 [org.apache.zookeeper.ClientCnxn$SendThread.onConnected(ClientCnxn.java:1207)] Session establishment complete on server zookeeper02.elves_elves_net/172.18.0.5:2181, sessionid = 0x25fe3a072e90000, negotiated timeout = 10000
[INFO ] 2017-11-22 12:10:34,036 [org.apache.curator.framework.state.ConnectionStateManager.postState(ConnectionStateManager.java:194)] State change: CONNECTED
[INFO ] 2017-11-22 12:10:36,760 [cn.gyyx.openapi.listener.zookeeperEnrollListener.contextInitialized(zookeeperEnrollListener.java:52)] register zookeeper openapi node success
[INFO ] 2017-11-22 12:10:36,852 [org.springframework.web.servlet.FrameworkServlet.initServletBean(FrameworkServlet.java:457)] FrameworkServlet 'web-app': initialization started
[INFO ] 2017-11-22 12:10:36,860 [org.springframework.context.support.AbstractApplicationContext.prepareRefresh(AbstractApplicationContext.java:510)] Refreshing WebApplicationContext for namespace 'web-app-servlet': startup date [Wed Nov 22 12:10:36 UTC 2017]; parent: Root WebApplicationContext
[INFO ] 2017-11-22 12:10:36,863 [org.springframework.beans.factory.xml.XmlBeanDefinitionReader.loadBeanDefinitions(XmlBeanDefinitionReader.java:315)] Loading XML bean definitions from class path resource [spring-mvc.xml]
[INFO ] 2017-11-22 12:10:37,096 [org.springframework.beans.factory.support.DefaultListableBeanFactory.preInstantiateSingletons(DefaultListableBeanFactory.java:603)] Pre-instantiating singletons in org.springframework.beans.factory.support.DefaultListableBeanFactory@72ade7e3: defining beans [cronWebService,infoWebService,queueWebService,rtWebService,org.springframework.context.annotation.internalConfigurationAnnotationProcessor,org.springframework.context.annotation.internalAutowiredAnnotationProcessor,org.springframework.context.annotation.internalRequiredAnnotationProcessor,org.springframework.context.annotation.internalCommonAnnotationProcessor,contentNegotiationManager,org.springframework.web.servlet.mvc.method.annotation.RequestMappingHandlerMapping#0,org.springframework.format.support.FormattingConversionServiceFactoryBean#0,org.springframework.web.servlet.mvc.method.annotation.RequestMappingHandlerAdapter#0,org.springframework.web.servlet.handler.MappedInterceptor#0,org.springframework.web.servlet.mvc.method.annotation.ExceptionHandlerExceptionResolver#0,org.springframework.web.servlet.mvc.annotation.ResponseStatusExceptionResolver#0,org.springframework.web.servlet.mvc.support.DefaultHandlerExceptionResolver#0,org.springframework.web.servlet.handler.BeanNameUrlHandlerMapping,org.springframework.web.servlet.mvc.HttpRequestHandlerAdapter,org.springframework.web.servlet.mvc.SimpleControllerHandlerAdapter,org.springframework.web.servlet.view.InternalResourceViewResolver#0,org.springframework.beans.factory.annotation.AutowiredAnnotationBeanPostProcessor#0,org.springframework.web.servlet.resource.DefaultServletHttpRequestHandler#0,org.springframework.web.servlet.handler.SimpleUrlHandlerMapping#0,org.springframework.context.annotation.ConfigurationClassPostProcessor.importAwareProcessor]; parent: org.springframework.beans.factory.support.DefaultListableBeanFactory@1622f1b
[INFO ] 2017-11-22 12:10:37,187 [org.springframework.web.servlet.handler.AbstractHandlerMethodMapping.registerHandlerMethod(AbstractHandlerMethodMapping.java:180)] Mapped "{[/api/v2/cron/start],methods=[POST || GET],params=[],headers=[],consumes=[],produces=[],custom=[]}" onto public java.lang.String cn.gyyx.openapi.webservice.CronWebService.startCron(java.lang.String)
[INFO ] 2017-11-22 12:10:37,382 [org.springframework.web.servlet.handler.AbstractHandlerMethodMapping.registerHandlerMethod(AbstractHandlerMethodMapping.java:180)] Mapped "{[/api/v2/cron/stop],methods=[POST || GET],params=[],headers=[],consumes=[],produces=[],custom=[]}" onto public java.lang.String cn.gyyx.openapi.webservice.CronWebService.stopCron(java.lang.String)
[INFO ] 2017-11-22 12:10:37,382 [org.springframework.web.servlet.handler.AbstractHandlerMethodMapping.registerHandlerMethod(AbstractHandlerMethodMapping.java:180)] Mapped "{[/api/v2/cron/delete],methods=[POST || GET],params=[],headers=[],consumes=[],produces=[],custom=[]}" onto public java.lang.String cn.gyyx.openapi.webservice.CronWebService.deleteCron(java.lang.String)
[INFO ] 2017-11-22 12:10:37,383 [org.springframework.web.servlet.handler.AbstractHandlerMethodMapping.registerHandlerMethod(AbstractHandlerMethodMapping.java:180)] Mapped "{[/api/v2/cron/detail],methods=[POST || GET],params=[],headers=[],consumes=[],produces=[],custom=[]}" onto public java.lang.String cn.gyyx.openapi.webservice.CronWebService.detailCron(java.lang.String)
[INFO ] 2017-11-22 12:10:37,383 [org.springframework.web.servlet.handler.AbstractHandlerMethodMapping.registerHandlerMethod(AbstractHandlerMethodMapping.java:180)] Mapped "{[/api/v2/cron/add],methods=[POST || GET],params=[],headers=[],consumes=[],produces=[],custom=[]}" onto public java.lang.String cn.gyyx.openapi.webservice.CronWebService.addCron(java.lang.String,java.lang.String,java.lang.String,java.lang.String,java.lang.String,java.lang.String,java.lang.String,java.lang.String)
[INFO ] 2017-11-22 12:10:37,385 [org.springframework.web.servlet.handler.AbstractHandlerMethodMapping.registerHandlerMethod(AbstractHandlerMethodMapping.java:180)] Mapped "{[/api/v2/info/app],methods=[POST || GET],params=[],headers=[],consumes=[],produces=[],custom=[]}" onto public java.lang.String cn.gyyx.openapi.webservice.InfoWebService.getApps(java.lang.String)
[INFO ] 2017-11-22 12:10:37,385 [org.springframework.web.servlet.handler.AbstractHandlerMethodMapping.registerHandlerMethod(AbstractHandlerMethodMapping.java:180)] Mapped "{[/api/v2/info/agents],methods=[POST || GET],params=[],headers=[],consumes=[],produces=[],custom=[]}" onto public java.lang.String cn.gyyx.openapi.webservice.InfoWebService.getAgents(java.lang.String)
[INFO ] 2017-11-22 12:10:37,386 [org.springframework.web.servlet.handler.AbstractHandlerMethodMapping.registerHandlerMethod(AbstractHandlerMethodMapping.java:180)] Mapped "{[/api/v2/info/agents/detail],methods=[POST || GET],params=[],headers=[],consumes=[],produces=[],custom=[]}" onto public java.lang.String cn.gyyx.openapi.webservice.InfoWebService.getAgentsDetail(java.lang.String,java.lang.String)
[INFO ] 2017-11-22 12:10:37,388 [org.springframework.web.servlet.handler.AbstractHandlerMethodMapping.registerHandlerMethod(AbstractHandlerMethodMapping.java:180)] Mapped "{[/api/v2/queue/commit],methods=[POST || GET],params=[],headers=[],consumes=[],produces=[],custom=[]}" onto public java.lang.String cn.gyyx.openapi.webservice.QueueWebService.commit(java.lang.String)
[INFO ] 2017-11-22 12:10:37,388 [org.springframework.web.servlet.handler.AbstractHandlerMethodMapping.registerHandlerMethod(AbstractHandlerMethodMapping.java:180)] Mapped "{[/api/v2/queue/addtask],methods=[POST || GET],params=[],headers=[],consumes=[],produces=[],custom=[]}" onto public java.lang.String cn.gyyx.openapi.webservice.QueueWebService.addTask(java.lang.String,java.lang.String,java.lang.String,java.lang.String,java.lang.String,java.lang.String,java.lang.String,java.lang.String,java.lang.String,java.lang.String)
[INFO ] 2017-11-22 12:10:37,389 [org.springframework.web.servlet.handler.AbstractHandlerMethodMapping.registerHandlerMethod(AbstractHandlerMethodMapping.java:180)] Mapped "{[/api/v2/queue/stop],methods=[POST || GET],params=[],headers=[],consumes=[],produces=[],custom=[]}" onto public java.lang.String cn.gyyx.openapi.webservice.QueueWebService.qstop(java.lang.String)
[INFO ] 2017-11-22 12:10:37,389 [org.springframework.web.servlet.handler.AbstractHandlerMethodMapping.registerHandlerMethod(AbstractHandlerMethodMapping.java:180)] Mapped "{[/api/v2/queue/qksqueue],methods=[POST || GET],params=[],headers=[],consumes=[],produces=[],custom=[]}" onto public java.lang.String cn.gyyx.openapi.webservice.QueueWebService.qksqueue(java.lang.String,java.lang.String,java.lang.String,java.lang.String,java.lang.String,java.lang.String,java.lang.String,java.lang.String)
[INFO ] 2017-11-22 12:10:37,390 [org.springframework.web.servlet.handler.AbstractHandlerMethodMapping.registerHandlerMethod(AbstractHandlerMethodMapping.java:180)] Mapped "{[/api/v2/queue/create],methods=[POST || GET],params=[],headers=[],consumes=[],produces=[],custom=[]}" onto public java.lang.String cn.gyyx.openapi.webservice.QueueWebService.create(java.lang.String)
[INFO ] 2017-11-22 12:10:37,390 [org.springframework.web.servlet.handler.AbstractHandlerMethodMapping.registerHandlerMethod(AbstractHandlerMethodMapping.java:180)] Mapped "{[/api/v2/queue/result],methods=[POST || GET],params=[],headers=[],consumes=[],produces=[],custom=[]}" onto public java.lang.String cn.gyyx.openapi.webservice.QueueWebService.result(java.lang.String)
[INFO ] 2017-11-22 12:10:37,391 [org.springframework.web.servlet.handler.AbstractHandlerMethodMapping.registerHandlerMethod(AbstractHandlerMethodMapping.java:180)] Mapped "{[/api/v2/rt/exec],methods=[POST || GET],params=[],headers=[],consumes=[],produces=[],custom=[]}" onto public java.lang.String cn.gyyx.openapi.webservice.RtWebService.execRt(javax.servlet.http.HttpServletRequest,java.lang.String,java.lang.String,java.lang.String,java.lang.String,java.lang.String,java.lang.String,java.lang.String)
[INFO ] 2017-11-22 12:10:41,410 [org.springframework.web.servlet.handler.AbstractUrlHandlerMapping.registerHandler(AbstractUrlHandlerMapping.java:315)] Mapped URL path [/**] onto handler 'org.springframework.web.servlet.resource.DefaultServletHttpRequestHandler#0'
[INFO ] 2017-11-22 12:10:41,439 [org.springframework.web.servlet.FrameworkServlet.initServletBean(FrameworkServlet.java:476)] FrameworkServlet 'web-app': initialization completed in 4586 ms
